{"target": 0.0010148722599005247, "params": {"colsampleBylevel": 0.5188039103349633, "colsampleBytree": 0.7754334015585038, "gamma": 43.52138428624063, "maxDepth": 0.4023474264908955, "minChildWeight": 30.97359255052041, "numberEstimators": 959.7235523975963, "subsample": 0.5179855451452082}, "datetime": {"datetime": "2022-12-05 10:05:16", "elapsed": 0.0, "delta": 0.0}}
{"target": 0.06809251189366161, "params": {"colsampleBylevel": 0.32510158062337763, "colsampleBytree": 0.5438079380513916, "gamma": 11.062747121387995, "maxDepth": 40.3240678962135, "minChildWeight": 34.22546256146843, "numberEstimators": 561.9444066137874, "subsample": 0.015815047695547747}, "datetime": {"datetime": "2022-12-05 10:23:07", "elapsed": 1070.87249, "delta": 1070.87249}}
{"target": 0.0011571841851494697, "params": {"colsampleBylevel": 0.6764209533987201, "colsampleBytree": 0.2179240195569508, "gamma": 46.62787964393559, "maxDepth": 18.712237474074605, "minChildWeight": 75.24189220859463, "numberEstimators": 774.9820517532459, "subsample": 0.8717944607190325}, "datetime": {"datetime": "2022-12-05 10:42:03", "elapsed": 2206.652693, "delta": 1135.780203}}
{"target": 0.0011256297016185818, "params": {"colsampleBylevel": 0.11901006647403564, "colsampleBytree": 0.307091060589846, "gamma": 23.745288297523427, "maxDepth": 33.64683595832929, "minChildWeight": 25.75924329206177, "numberEstimators": 716.0937537382631, "subsample": 0.6604300587805199}, "datetime": {"datetime": "2022-12-05 11:00:49", "elapsed": 3332.797348, "delta": 1126.144655}}
{"target": 0.08477581021024108, "params": {"colsampleBylevel": 0.19018768013477533, "colsampleBytree": 0.32884236290080976, "gamma": 44.376872846041415, "maxDepth": 4.167458052487838, "minChildWeight": 74.65641201404082, "numberEstimators": 109.23254653430259, "subsample": 0.7341663153070012}, "datetime": {"datetime": "2022-12-05 11:15:57", "elapsed": 4241.088969, "delta": 908.291621}}
{"target": 0.0003817140078645917, "params": {"colsampleBylevel": 0.7450862414436084, "colsampleBytree": 0.4138366553171447, "gamma": 49.56914994492406, "maxDepth": 22.60686493791959, "minChildWeight": 18.98785431279215, "numberEstimators": 384.04514849441347, "subsample": 0.7176635497610072}, "datetime": {"datetime": "2022-12-05 11:32:41", "elapsed": 5244.297013, "delta": 1003.208044}}
{"target": 0.002953732470508179, "params": {"colsampleBylevel": 0.36386100961924794, "colsampleBytree": 0.06110236845512522, "gamma": 15.795950217598287, "maxDepth": 49.94023057824904, "minChildWeight": 28.790485661731413, "numberEstimators": 488.7060778450156, "subsample": 0.7379154298741335}, "datetime": {"datetime": "2022-12-05 11:50:53", "elapsed": 6336.463786, "delta": 1092.166773}}
{"target": 0.009519890399505232, "params": {"colsampleBylevel": 0.944242161237906, "colsampleBytree": 0.1836486162388883, "gamma": 10.621068795153338, "maxDepth": 6.623880647528085, "minChildWeight": 20.86811922474796, "numberEstimators": 995.903547316353, "subsample": 0.2541793735981396}, "datetime": {"datetime": "2022-12-05 12:12:16", "elapsed": 7619.945542, "delta": 1283.481756}}
{"target": 0.01707499613049952, "params": {"colsampleBylevel": 0.118952627024774, "colsampleBytree": 0.5072970358823554, "gamma": 22.806090761168136, "maxDepth": 36.72451144729409, "minChildWeight": 62.094354132229945, "numberEstimators": 640.0167153543731, "subsample": 0.15867090785407278}, "datetime": {"datetime": "2022-12-05 12:30:44", "elapsed": 8727.700142, "delta": 1107.7546}}
{"target": 0.005845541575304239, "params": {"colsampleBylevel": 0.5428918005251637, "colsampleBytree": 0.12914377107658379, "gamma": 7.651276101069815, "maxDepth": 22.508927840701272, "minChildWeight": 42.907234720670886, "numberEstimators": 746.9789767963227, "subsample": 0.08283583456089198}, "datetime": {"datetime": "2022-12-05 12:50:10", "elapsed": 9893.824937, "delta": 1166.124795}}
{"target": 0.07577336310814684, "params": {"colsampleBylevel": 0.1601677136148304, "colsampleBytree": 0.04403784681112785, "gamma": 42.75225962142185, "maxDepth": 6.004834662585667, "minChildWeight": 77.43422830947299, "numberEstimators": 112.85762117176036, "subsample": 0.5559712033560456}, "datetime": {"datetime": "2022-12-05 13:05:44", "elapsed": 10827.567897, "delta": 933.74296}}
{"target": 0.039473893145027986, "params": {"colsampleBylevel": 0.42120778707744694, "colsampleBytree": 1.0, "gamma": 44.19416941267728, "maxDepth": 6.625703668122496, "minChildWeight": 51.4486883556821, "numberEstimators": 94.21629553611203, "subsample": 1.0}, "datetime": {"datetime": "2022-12-05 13:21:01", "elapsed": 11745.043914, "delta": 917.476017}}
{"target": 0.01933471219583058, "params": {"colsampleBylevel": 0.5869177659482001, "colsampleBytree": 0.9973447263413905, "gamma": 41.16130366895675, "maxDepth": 12.062203858165393, "minChildWeight": 85.84293527648357, "numberEstimators": 90.46736879107456, "subsample": 0.27438852663432767}, "datetime": {"datetime": "2022-12-05 13:36:05", "elapsed": 12648.752307, "delta": 903.708393}}
{"target": 0.06415585546184013, "params": {"colsampleBylevel": 0.01, "colsampleBytree": 0.5766921659560105, "gamma": 50.0, "maxDepth": 0.0, "minChildWeight": 65.86639242195488, "numberEstimators": 116.24661554640544, "subsample": 1.0}, "datetime": {"datetime": "2022-12-05 13:51:05", "elapsed": 13548.655945, "delta": 899.903638}}
{"target": 0.07141595664427433, "params": {"colsampleBylevel": 0.4257807723061622, "colsampleBytree": 0.6034829265228676, "gamma": 27.854302689511044, "maxDepth": 5.23998614545812, "minChildWeight": 61.28612454459422, "numberEstimators": 111.26714493577734, "subsample": 0.5101878120247763}, "datetime": {"datetime": "2022-12-05 14:06:34", "elapsed": 14477.882039, "delta": 929.226094}}
{"target": 0.0016343096582036199, "params": {"colsampleBylevel": 0.16203931125190082, "colsampleBytree": 0.857165910746111, "gamma": 44.0727773674431, "maxDepth": 25.753061700815017, "minChildWeight": 65.63960687354347, "numberEstimators": 109.7339800540953, "subsample": 0.8543644201910652}, "datetime": {"datetime": "2022-12-05 14:21:50", "elapsed": 15394.227003, "delta": 916.344964}}
{"target": 0.05225851433517996, "params": {"colsampleBylevel": 0.34938124844561513, "colsampleBytree": 0.9244920080359317, "gamma": 33.413643667376256, "maxDepth": 0.0754818845155325, "minChildWeight": 78.38418643757691, "numberEstimators": 109.19625029631428, "subsample": 0.07202676394652628}, "datetime": {"datetime": "2022-12-05 14:37:07", "elapsed": 16310.674621, "delta": 916.447618}}
{"target": 0.06555681847284235, "params": {"colsampleBylevel": 0.74764825065824, "colsampleBytree": 0.37099918836359613, "gamma": 27.9203558759477, "maxDepth": 1.8376427101482573, "minChildWeight": 66.24370140728776, "numberEstimators": 124.28688581418984, "subsample": 0.07639542491721389}, "datetime": {"datetime": "2022-12-05 14:52:01", "elapsed": 17204.419331, "delta": 893.74471}}
{"target": 0.07205786746878898, "params": {"colsampleBylevel": 0.5771169724292446, "colsampleBytree": 0.34556309210698966, "gamma": 21.885288531050513, "maxDepth": 3.642119695376844, "minChildWeight": 47.29124923549117, "numberEstimators": 125.13838266462919, "subsample": 0.24456841074446065}, "datetime": {"datetime": "2022-12-05 15:07:23", "elapsed": 18126.787446, "delta": 922.368115}}
{"target": 0.049466219633952306, "params": {"colsampleBylevel": 0.28899371283387143, "colsampleBytree": 0.01, "gamma": 8.991317221038436, "maxDepth": 0.0, "minChildWeight": 55.30130191711117, "numberEstimators": 115.12815803480733, "subsample": 1.0}, "datetime": {"datetime": "2022-12-05 15:23:10", "elapsed": 19073.497647, "delta": 946.710201}}
{"target": 0.060027430941326496, "params": {"colsampleBylevel": 0.01, "colsampleBytree": 0.01, "gamma": 17.581822166460068, "maxDepth": 13.736008078767439, "minChildWeight": 54.404321039091045, "numberEstimators": 139.70548795801895, "subsample": 0.01}, "datetime": {"datetime": "2022-12-05 15:38:30", "elapsed": 19994.144064, "delta": 920.646417}}
{"target": 0.0005047597987247944, "params": {"colsampleBylevel": 0.6050272481267898, "colsampleBytree": 0.6609677009098983, "gamma": 23.490482541388637, "maxDepth": 25.383893474004054, "minChildWeight": 37.14868495679156, "numberEstimators": 569.5084037746061, "subsample": 0.4145446878625632}, "datetime": {"datetime": "2022-12-05 15:56:29", "elapsed": 21072.700961, "delta": 1078.556897}}
{"target": 0.0, "params": {"colsampleBylevel": 0.6388204509495127, "colsampleBytree": 0.47202966708976, "gamma": 2.4904094575664395, "maxDepth": 49.85524855524051, "minChildWeight": 33.57946720561473, "numberEstimators": 551.9491017736407, "subsample": 0.864207317581343}, "datetime": {"datetime": "2022-12-05 16:15:08", "elapsed": 22191.518431, "delta": 1118.81747}}
{"target": 0.05644615709596605, "params": {"colsampleBylevel": 0.6334447759706217, "colsampleBytree": 0.9771866157567992, "gamma": 37.87652313092065, "maxDepth": 7.729842554175609, "minChildWeight": 48.042019763360756, "numberEstimators": 126.8255849729986, "subsample": 0.17682917039759666}, "datetime": {"datetime": "2022-12-05 16:30:54", "elapsed": 23138.216743, "delta": 946.698312}}
{"target": 0.0013748406964720593, "params": {"colsampleBylevel": 0.8153634329045432, "colsampleBytree": 0.9785046678675141, "gamma": 25.669618616539758, "maxDepth": 14.691733413518692, "minChildWeight": 42.333472154048536, "numberEstimators": 113.20846268161293, "subsample": 0.7686398106759749}, "datetime": {"datetime": "2022-12-05 16:46:27", "elapsed": 24070.486646, "delta": 932.269903}}
{"target": 7.135212272565108e-05, "params": {"colsampleBylevel": 0.44338357041435883, "colsampleBytree": 0.4345317465934079, "gamma": 15.67983800982875, "maxDepth": 0.2613240604128486, "minChildWeight": 52.42209207813051, "numberEstimators": 136.58506596322962, "subsample": 0.9971297082505808}, "datetime": {"datetime": "2022-12-05 17:02:14", "elapsed": 25017.389392, "delta": 946.902746}}
{"target": 0.06486383821387895, "params": {"colsampleBylevel": 0.2701101323271444, "colsampleBytree": 0.37550802219127916, "gamma": 49.645722547074186, "maxDepth": 1.705800140487962, "minChildWeight": 77.57626272951056, "numberEstimators": 108.36979134883474, "subsample": 0.04974696229374803}, "datetime": {"datetime": "2022-12-05 17:17:37", "elapsed": 25940.531051, "delta": 923.141659}}
{"target": 0.06372160740177771, "params": {"colsampleBylevel": 0.10324862661357632, "colsampleBytree": 0.5638155438063176, "gamma": 36.18953286773661, "maxDepth": 1.0706072724941729, "minChildWeight": 61.738947165962145, "numberEstimators": 117.04317614486219, "subsample": 0.4533135449827099}, "datetime": {"datetime": "2022-12-05 17:33:02", "elapsed": 26866.171135, "delta": 925.640084}}
{"target": 0.0060870102853823205, "params": {"colsampleBylevel": 0.7885623179056839, "colsampleBytree": 0.7968365185175951, "gamma": 25.610388188309162, "maxDepth": 9.730917329224702, "minChildWeight": 56.24517298445786, "numberEstimators": 121.29512715936977, "subsample": 0.685309749669386}, "datetime": {"datetime": "2022-12-05 17:48:51", "elapsed": 27814.658268, "delta": 948.487133}}
{"target": 0.06714129247095606, "params": {"colsampleBylevel": 0.702955000127573, "colsampleBytree": 0.15534368095425768, "gamma": 41.26909515564119, "maxDepth": 1.0828213138862486, "minChildWeight": 70.84213048960353, "numberEstimators": 113.88170938601978, "subsample": 0.01}, "datetime": {"datetime": "2022-12-05 18:03:57", "elapsed": 28720.381633, "delta": 905.723365}}
{"target": 0.036329432218808674, "params": {"colsampleBylevel": 0.9046617831119652, "colsampleBytree": 0.043509318489625026, "gamma": 49.86932175752156, "maxDepth": 7.446916924787105, "minChildWeight": 70.97526812781987, "numberEstimators": 107.71941196476311, "subsample": 0.6592297552982053}, "datetime": {"datetime": "2022-12-05 18:19:11", "elapsed": 29634.515329, "delta": 914.133696}}
{"target": 0.06867341676579211, "params": {"colsampleBylevel": 0.02717746265279926, "colsampleBytree": 0.7574352350822939, "gamma": 27.526100044015866, "maxDepth": 9.027795217300556, "minChildWeight": 67.11961014417001, "numberEstimators": 106.61270661698288, "subsample": 0.19571333170797575}, "datetime": {"datetime": "2022-12-05 18:34:07", "elapsed": 30531.000651, "delta": 896.485322}}
{"target": 0.045695983912386315, "params": {"colsampleBylevel": 0.27972798273139843, "colsampleBytree": 0.3333963942183455, "gamma": 34.2281977063986, "maxDepth": 6.348553524137274, "minChildWeight": 66.35800121999164, "numberEstimators": 117.50728313785848, "subsample": 0.5433081174935647}, "datetime": {"datetime": "2022-12-05 18:49:59", "elapsed": 31482.348268, "delta": 951.347617}}
{"target": 0.06153606248349489, "params": {"colsampleBylevel": 0.23878631280326634, "colsampleBytree": 0.014698032013431391, "gamma": 28.404702839753593, "maxDepth": 0.0, "minChildWeight": 44.127092166135874, "numberEstimators": 125.84431255958992, "subsample": 0.01}, "datetime": {"datetime": "2022-12-05 19:05:22", "elapsed": 32405.485487, "delta": 923.137219}}
{"target": 0.08126444935773677, "params": {"colsampleBylevel": 0.9760679789521542, "colsampleBytree": 0.30577486025920636, "gamma": 25.217216154541738, "maxDepth": 2.694272415131177, "minChildWeight": 71.00585471013451, "numberEstimators": 111.74344964214737, "subsample": 0.7600421933800604}, "datetime": {"datetime": "2022-12-05 19:20:38", "elapsed": 33322.101229, "delta": 916.615742}}
{"target": 0.04876185304611293, "params": {"colsampleBylevel": 0.01, "colsampleBytree": 0.01, "gamma": 29.85240104255725, "maxDepth": 0.0, "minChildWeight": 66.01467254368364, "numberEstimators": 107.16179843551625, "subsample": 1.0}, "datetime": {"datetime": "2022-12-05 19:36:33", "elapsed": 34277.228014, "delta": 955.126785}}
{"target": 0.08164088510556414, "params": {"colsampleBylevel": 0.028683384214145576, "colsampleBytree": 0.19597589095448745, "gamma": 22.34823267797821, "maxDepth": 9.650433964213628, "minChildWeight": 73.58633619456853, "numberEstimators": 111.103216355131, "subsample": 0.6365492056338753}, "datetime": {"datetime": "2022-12-05 19:52:03", "elapsed": 35206.812554, "delta": 929.58454}}
{"target": 0.06864178675719561, "params": {"colsampleBylevel": 0.01, "colsampleBytree": 1.0, "gamma": 18.4993437864687, "maxDepth": 5.239164359978628, "minChildWeight": 67.32003094386438, "numberEstimators": 110.96865543268989, "subsample": 0.01}, "datetime": {"datetime": "2022-12-05 20:07:25", "elapsed": 36129.124685, "delta": 922.312131}}
{"target": 0.08256445465940279, "params": {"colsampleBylevel": 0.732514452206115, "colsampleBytree": 0.11677450716941466, "gamma": 22.221284070834756, "maxDepth": 3.322095052982715, "minChildWeight": 77.19720872291184, "numberEstimators": 123.08661030096975, "subsample": 0.6580655295940934}, "datetime": {"datetime": "2022-12-05 20:23:14", "elapsed": 37078.096173, "delta": 948.971488}}
{"target": 0.06212926244018311, "params": {"colsampleBylevel": 1.0, "colsampleBytree": 0.01, "gamma": 18.48852699432119, "maxDepth": 2.5113875117978357, "minChildWeight": 77.95080750282852, "numberEstimators": 114.76791334571445, "subsample": 1.0}, "datetime": {"datetime": "2022-12-05 20:38:30", "elapsed": 37993.939529, "delta": 915.843356}}
{"target": 0.01293591714775361, "params": {"colsampleBylevel": 0.42496203735917576, "colsampleBytree": 0.4013201008733283, "gamma": 24.318918475501288, "maxDepth": 13.226262732846028, "minChildWeight": 73.13919175478487, "numberEstimators": 122.79218607807415, "subsample": 0.5270330834449017}, "datetime": {"datetime": "2022-12-05 20:54:03", "elapsed": 38926.292754, "delta": 932.353225}}
{"target": 0.06800403086077098, "params": {"colsampleBylevel": 0.8565622262559408, "colsampleBytree": 0.811977943415701, "gamma": 21.552667929885033, "maxDepth": 5.973314139027597, "minChildWeight": 82.83022000521223, "numberEstimators": 127.82759650164081, "subsample": 0.42361676361719186}, "datetime": {"datetime": "2022-12-05 21:09:51", "elapsed": 39875.058677, "delta": 948.765923}}
{"target": 0.022098585869515998, "params": {"colsampleBylevel": 0.19441273408455098, "colsampleBytree": 0.34465577936063935, "gamma": 19.002377456383535, "maxDepth": 16.738805108408883, "minChildWeight": 71.68174258692416, "numberEstimators": 100.09742981544883, "subsample": 0.18152289995429405}, "datetime": {"datetime": "2022-12-05 21:25:18", "elapsed": 40801.423849, "delta": 926.365172}}
{"target": 0.06495173678223469, "params": {"colsampleBylevel": 0.7331613950205758, "colsampleBytree": 0.8324533860122382, "gamma": 23.105811706652744, "maxDepth": 2.449070930624303, "minChildWeight": 78.2179024001378, "numberEstimators": 133.0502419792018, "subsample": 0.26820022167993357}, "datetime": {"datetime": "2022-12-05 21:40:54", "elapsed": 41738.223398, "delta": 936.799549}}
{"target": 0.07624788011315053, "params": {"colsampleBylevel": 0.1469470533247743, "colsampleBytree": 0.183156873983667, "gamma": 11.75074796038491, "maxDepth": 3.638337354996918, "minChildWeight": 77.93033838446726, "numberEstimators": 131.29821028530944, "subsample": 0.7751010396896396}, "datetime": {"datetime": "2022-12-05 21:56:13", "elapsed": 42657.125084, "delta": 918.901686}}
{"target": 0.0840149597145667, "params": {"colsampleBylevel": 0.7058335755972314, "colsampleBytree": 0.2691854906787837, "gamma": 40.31177009075186, "maxDepth": 5.091508427142255, "minChildWeight": 78.656841546877, "numberEstimators": 102.8886699521866, "subsample": 0.7217438630671035}, "datetime": {"datetime": "2022-12-05 22:11:38", "elapsed": 43581.63779, "delta": 924.512706}}
{"target": 0.04999738308983277, "params": {"colsampleBylevel": 1.0, "colsampleBytree": 0.01, "gamma": 34.73531060461791, "maxDepth": 10.69131112125727, "minChildWeight": 77.24977202037272, "numberEstimators": 106.80786911179042, "subsample": 1.0}, "datetime": {"datetime": "2022-12-05 22:27:16", "elapsed": 44519.853457, "delta": 938.215667}}
{"target": 0.07059472127929246, "params": {"colsampleBylevel": 0.6412693288036927, "colsampleBytree": 0.3442185103828115, "gamma": 0.8314907964047047, "maxDepth": 3.1944454784861023, "minChildWeight": 77.9918324757467, "numberEstimators": 126.37185848342398, "subsample": 0.9708762007414755}, "datetime": {"datetime": "2022-12-05 22:42:34", "elapsed": 45437.622516, "delta": 917.769059}}
{"target": 0.004182804027885361, "params": {"colsampleBylevel": 0.4102913692110332, "colsampleBytree": 0.4700339128439285, "gamma": 17.92115848155636, "maxDepth": 0.25200437566403333, "minChildWeight": 69.85388221340443, "numberEstimators": 128.10339729736745, "subsample": 0.45070680924226514}, "datetime": {"datetime": "2022-12-05 22:57:59", "elapsed": 46363.077841, "delta": 925.455325}}
{"target": 0.052318330595993244, "params": {"colsampleBylevel": 0.647177144185757, "colsampleBytree": 0.5115929248166983, "gamma": 15.199529400214395, "maxDepth": 5.130420103128341, "minChildWeight": 81.99724183490726, "numberEstimators": 138.5157909140868, "subsample": 0.15950533414980309}, "datetime": {"datetime": "2022-12-05 23:13:33", "elapsed": 47296.672215, "delta": 933.594374}}
{"target": 0.06811778109715075, "params": {"colsampleBylevel": 0.24322415644595816, "colsampleBytree": 0.7116786819717322, "gamma": 41.00286952849631, "maxDepth": 2.995691612988022, "minChildWeight": 74.19717589321122, "numberEstimators": 98.461429370608, "subsample": 0.4004648479278381}, "datetime": {"datetime": "2022-12-05 23:28:42", "elapsed": 48205.969575, "delta": 909.29736}}
{"target": 0.06368929067822005, "params": {"colsampleBylevel": 0.1359447014505251, "colsampleBytree": 0.29674540213250467, "gamma": 30.078969259618365, "maxDepth": 1.0624521334450188, "minChildWeight": 81.98963374344021, "numberEstimators": 129.66310135172176, "subsample": 0.8530263635752204}, "datetime": {"datetime": "2022-12-05 23:44:25", "elapsed": 49149.204964, "delta": 943.235389}}
{"target": 0.05952758438536324, "params": {"colsampleBylevel": 0.06704732403676093, "colsampleBytree": 0.7654798951555789, "gamma": 18.486382219315757, "maxDepth": 0.3899029080747074, "minChildWeight": 84.36611557739877, "numberEstimators": 121.36254308549977, "subsample": 0.04859992348286084}, "datetime": {"datetime": "2022-12-06 00:00:14", "elapsed": 50097.702187, "delta": 948.497223}}
{"target": 0.06662334812642484, "params": {"colsampleBylevel": 0.6381484028861983, "colsampleBytree": 0.602557002825261, "gamma": 41.52993742757788, "maxDepth": 1.3104470050146977, "minChildWeight": 82.32943694807533, "numberEstimators": 107.7450232084941, "subsample": 0.4896379104078724}, "datetime": {"datetime": "2022-12-06 00:15:23", "elapsed": 51006.834215, "delta": 909.132028}}
{"target": 0.06658021317872742, "params": {"colsampleBylevel": 0.9653584923348836, "colsampleBytree": 0.9499395163526938, "gamma": 39.72858173579674, "maxDepth": 1.3111003286334633, "minChildWeight": 70.86119049193024, "numberEstimators": 126.14019696687154, "subsample": 0.604031213779195}, "datetime": {"datetime": "2022-12-06 00:30:44", "elapsed": 51928.153574, "delta": 921.319359}}
{"target": 0.01823484917781426, "params": {"colsampleBylevel": 0.12050806412671275, "colsampleBytree": 0.32041121495357644, "gamma": 7.046615864794415, "maxDepth": 13.274897915597322, "minChildWeight": 80.67558636200674, "numberEstimators": 125.85962292686227, "subsample": 0.1411710338609954}, "datetime": {"datetime": "2022-12-06 00:47:00", "elapsed": 52903.962161, "delta": 975.808587}}
{"target": 0.06561014803554159, "params": {"colsampleBylevel": 0.10437188247974559, "colsampleBytree": 0.8629118050731633, "gamma": 43.83044408689157, "maxDepth": 2.0728834790904536, "minChildWeight": 56.5032046410272, "numberEstimators": 120.2984997203755, "subsample": 0.27421377698345656}, "datetime": {"datetime": "2022-12-06 01:02:25", "elapsed": 53828.756989, "delta": 924.794828}}
