{"target": 0.06748194769845216, "params": {"colsampleBylevel": 0.7435941569300694, "colsampleBytree": 0.6934977738221236, "gamma": 47.612653293759095, "maxDepth": 1.9511638638708861, "minChildWeight": 53.28647757549386, "numberEstimators": 131.81799820436075, "subsample": 0.6267260579759459}, "datetime": {"datetime": "2022-12-06 01:17:58", "elapsed": 54762.112422, "delta": 933.355433}}
{"target": 7.164606842199535e-05, "params": {"colsampleBylevel": 0.21555646985011, "colsampleBytree": 0.6437488725541942, "gamma": 0.879869748548584, "maxDepth": 0.6621515036122072, "minChildWeight": 81.37591477906686, "numberEstimators": 134.8614418841887, "subsample": 0.22696603603913187}, "datetime": {"datetime": "2022-12-06 01:34:57", "elapsed": 55780.590777, "delta": 1018.478355}}
{"target": 0.07757999132042329, "params": {"colsampleBylevel": 0.170004352247085, "colsampleBytree": 0.739370322100974, "gamma": 49.100309179054335, "maxDepth": 4.811839458568635, "minChildWeight": 71.86750716882237, "numberEstimators": 125.78966118893472, "subsample": 0.7255954551499777}, "datetime": {"datetime": "2022-12-06 01:50:33", "elapsed": 56717.251079, "delta": 936.660302}}
