{"target": 0.010115251675109465, "params": {"colsampleBylevel": 0.5188039103349633, "colsampleBytree": 0.7754334015585038, "gamma": 43.52138428624063, "maxDepth": 0.4023474264908955, "minChildWeight": 30.97359255052041, "numberEstimators": 959.7235523975963, "subsample": 0.5179855451452082}, "datetime": {"datetime": "2022-11-29 21:54:26", "elapsed": 0.0, "delta": 0.0}}
{"target": 0.04286180113617329, "params": {"colsampleBylevel": 0.32510158062337763, "colsampleBytree": 0.5438079380513916, "gamma": 11.062747121387995, "maxDepth": 40.3240678962135, "minChildWeight": 34.22546256146843, "numberEstimators": 561.9444066137874, "subsample": 0.015815047695547747}, "datetime": {"datetime": "2022-11-29 22:12:18", "elapsed": 1072.289435, "delta": 1072.289435}}
{"target": 0.0008917467891532688, "params": {"colsampleBylevel": 0.6764209533987201, "colsampleBytree": 0.2179240195569508, "gamma": 46.62787964393559, "maxDepth": 18.712237474074605, "minChildWeight": 75.24189220859463, "numberEstimators": 774.9820517532459, "subsample": 0.8717944607190325}, "datetime": {"datetime": "2022-11-29 22:31:09", "elapsed": 2202.961748, "delta": 1130.672313}}
{"target": 0.00016734651187114318, "params": {"colsampleBylevel": 0.11901006647403564, "colsampleBytree": 0.307091060589846, "gamma": 23.745288297523427, "maxDepth": 33.64683595832929, "minChildWeight": 25.75924329206177, "numberEstimators": 716.0937537382631, "subsample": 0.6604300587805199}, "datetime": {"datetime": "2022-11-29 22:50:03", "elapsed": 3336.657329, "delta": 1133.695581}}
{"target": 0.08337856465731903, "params": {"colsampleBylevel": 0.19018768013477533, "colsampleBytree": 0.32884236290080976, "gamma": 44.376872846041415, "maxDepth": 4.167458052487838, "minChildWeight": 74.65641201404082, "numberEstimators": 109.23254653430259, "subsample": 0.7341663153070012}, "datetime": {"datetime": "2022-11-29 23:03:59", "elapsed": 4172.959189, "delta": 836.30186}}
{"target": 0.05231441046657416, "params": {"colsampleBylevel": 0.1601677136148304, "colsampleBytree": 0.04403784681112785, "gamma": 42.75225962142185, "maxDepth": 6.004834662585667, "minChildWeight": 77.43422830947299, "numberEstimators": 112.85762117176036, "subsample": 0.5559712033560456}, "datetime": {"datetime": "2022-11-29 23:18:17", "elapsed": 5030.58885, "delta": 857.629661}}
{"target": 0.04893930266902422, "params": {"colsampleBylevel": 0.2517719731754023, "colsampleBytree": 0.9597821970292948, "gamma": 44.231716572781565, "maxDepth": 5.508679613117723, "minChildWeight": 69.87884056277014, "numberEstimators": 105.57608333012666, "subsample": 0.9538080756110049}, "datetime": {"datetime": "2022-11-29 23:32:20", "elapsed": 5874.308656, "delta": 843.719806}}
{"target": 0.03291767622466681, "params": {"colsampleBylevel": 0.9020577781556399, "colsampleBytree": 0.8872788586950713, "gamma": 47.13518768884521, "maxDepth": 6.98906687567939, "minChildWeight": 73.63047031201171, "numberEstimators": 105.76378673944953, "subsample": 0.3808542391072016}, "datetime": {"datetime": "2022-11-29 23:46:39", "elapsed": 6732.540014, "delta": 858.231358}}
{"target": 0.05849407634543789, "params": {"colsampleBylevel": 0.6305961361673484, "colsampleBytree": 0.6248456538202511, "gamma": 39.23269139312995, "maxDepth": 2.5333811087606293, "minChildWeight": 78.2664233925408, "numberEstimators": 108.9856615404569, "subsample": 0.2573132260445613}, "datetime": {"datetime": "2022-11-30 00:00:44", "elapsed": 7577.655008, "delta": 845.114994}}
{"target": 0.04354353779829682, "params": {"colsampleBylevel": 0.0725620278496962, "colsampleBytree": 0.5561703553884334, "gamma": 42.35696304493624, "maxDepth": 7.146460927413023, "minChildWeight": 75.83976529291084, "numberEstimators": 106.62919172746007, "subsample": 0.8809784566609258}, "datetime": {"datetime": "2022-11-30 00:14:46", "elapsed": 8419.409801, "delta": 841.754793}}
{"target": 0.05917801597977114, "params": {"colsampleBylevel": 0.7236210761542146, "colsampleBytree": 0.19363018694403966, "gamma": 38.81867503953121, "maxDepth": 2.3065141369669973, "minChildWeight": 85.98158383044887, "numberEstimators": 106.36898800810448, "subsample": 0.28475689519917}, "datetime": {"datetime": "2022-11-30 00:28:40", "elapsed": 9253.808494, "delta": 834.398693}}
{"target": 0.05217800441845466, "params": {"colsampleBylevel": 0.34938124844561513, "colsampleBytree": 0.9244920080359317, "gamma": 33.413643667376256, "maxDepth": 0.0754818845155325, "minChildWeight": 78.38418643757691, "numberEstimators": 109.19625029631428, "subsample": 0.07202676394652628}, "datetime": {"datetime": "2022-11-30 00:42:48", "elapsed": 10102.090802, "delta": 848.282308}}
{"target": 0.053470720927303685, "params": {"colsampleBylevel": 0.26157339687794906, "colsampleBytree": 0.38384524577922347, "gamma": 47.258639582925795, "maxDepth": 3.565616328651738, "minChildWeight": 71.81343315906622, "numberEstimators": 113.6609721862994, "subsample": 0.5628185925348839}, "datetime": {"datetime": "2022-11-30 00:56:56", "elapsed": 10949.954742, "delta": 847.86394}}
{"target": 0.06673543861341555, "params": {"colsampleBylevel": 0.7541204491161225, "colsampleBytree": 0.9969425871431076, "gamma": 46.896930793507394, "maxDepth": 5.867535207462521, "minChildWeight": 77.71915352940609, "numberEstimators": 110.54655191916888, "subsample": 0.7407131076681912}, "datetime": {"datetime": "2022-11-30 01:11:06", "elapsed": 11800.275801, "delta": 850.321059}}
{"target": 0.05681428570503273, "params": {"colsampleBylevel": 0.28485090050628303, "colsampleBytree": 0.4460727796005769, "gamma": 43.54293497100475, "maxDepth": 2.1812674085230634, "minChildWeight": 81.11109064729777, "numberEstimators": 109.57373473076254, "subsample": 0.720319876249641}, "datetime": {"datetime": "2022-11-30 01:25:06", "elapsed": 12639.787916, "delta": 839.512115}}
{"target": 0.06275986826532395, "params": {"colsampleBylevel": 0.28551789199929467, "colsampleBytree": 0.7182571339098291, "gamma": 41.36851459945536, "maxDepth": 2.7295305986173912, "minChildWeight": 68.38999094562071, "numberEstimators": 113.98298263187115, "subsample": 0.7726586238452045}, "datetime": {"datetime": "2022-11-30 01:39:04", "elapsed": 13477.883893, "delta": 838.095977}}
{"target": 0.05118647230364678, "params": {"colsampleBylevel": 0.49393487564900007, "colsampleBytree": 0.8160915301840408, "gamma": 30.69685809630382, "maxDepth": 1.9670243061562398, "minChildWeight": 80.42962608956887, "numberEstimators": 98.87452873823996, "subsample": 0.39501080421554385}, "datetime": {"datetime": "2022-11-30 01:52:59", "elapsed": 14312.49412, "delta": 834.610227}}
{"target": 0.055767672989669025, "params": {"colsampleBylevel": 0.9133847408041817, "colsampleBytree": 0.8099654137952814, "gamma": 42.07692696090139, "maxDepth": 1.479302543106109, "minChildWeight": 84.66051571089393, "numberEstimators": 98.88132762812837, "subsample": 0.7441471734760265}, "datetime": {"datetime": "2022-11-30 02:06:55", "elapsed": 15148.363957, "delta": 835.869837}}
{"target": 0.0, "params": {"colsampleBylevel": 0.5988618573748103, "colsampleBytree": 0.22606518491517633, "gamma": 43.75882469926328, "maxDepth": 0.584802229625675, "minChildWeight": 73.73507060267423, "numberEstimators": 109.56762138336688, "subsample": 0.84235452797102}, "datetime": {"datetime": "2022-11-30 02:21:34", "elapsed": 16028.262604, "delta": 879.898647}}
{"target": 0.0736913780559216, "params": {"colsampleBylevel": 0.0897420213294329, "colsampleBytree": 0.6526953207515855, "gamma": 34.49445140401441, "maxDepth": 18.220866443521334, "minChildWeight": 25.85094807694479, "numberEstimators": 283.18541048553755, "subsample": 0.058673116644920385}, "datetime": {"datetime": "2022-11-30 02:37:25", "elapsed": 16978.656618, "delta": 950.394014}}
{"target": 0.0, "params": {"colsampleBylevel": 0.9658592102479111, "colsampleBytree": 0.8098444388011086, "gamma": 0.3879564523409651, "maxDepth": 7.8146828933555454, "minChildWeight": 74.64117045541063, "numberEstimators": 495.70400237759253, "subsample": 0.8367138210373255}, "datetime": {"datetime": "2022-11-30 02:56:31", "elapsed": 18125.090475, "delta": 1146.433857}}
{"target": 0.00266464478525612, "params": {"colsampleBylevel": 0.16429740072462998, "colsampleBytree": 0.8480715099662495, "gamma": 17.22266120843601, "maxDepth": 14.12234874297953, "minChildWeight": 72.68849680399944, "numberEstimators": 965.0429034433428, "subsample": 0.6501914143419271}, "datetime": {"datetime": "2022-11-30 03:16:10", "elapsed": 19303.909758, "delta": 1178.819283}}
{"target": 0.042893453278445806, "params": {"colsampleBylevel": 0.8012921660541782, "colsampleBytree": 0.5620081357367233, "gamma": 30.19526525881731, "maxDepth": 47.81154475016907, "minChildWeight": 64.28823793620155, "numberEstimators": 731.1236590616359, "subsample": 0.04305806190833124}, "datetime": {"datetime": "2022-11-30 03:34:10", "elapsed": 20383.60249, "delta": 1079.692732}}
{"target": 0.06257760021429956, "params": {"colsampleBylevel": 0.9371045554231235, "colsampleBytree": 0.3740782027558141, "gamma": 43.13882729786196, "maxDepth": 3.78938817420722, "minChildWeight": 73.13541616403477, "numberEstimators": 707.1124481596001, "subsample": 0.04516447671477718}, "datetime": {"datetime": "2022-11-30 03:52:03", "elapsed": 21457.197399, "delta": 1073.594909}}
{"target": 0.006589289016741248, "params": {"colsampleBylevel": 0.40479153586191874, "colsampleBytree": 0.20648786392490528, "gamma": 17.361536473173196, "maxDepth": 11.725087310292409, "minChildWeight": 79.13146869909608, "numberEstimators": 669.9832642897886, "subsample": 0.8545368263579284}, "datetime": {"datetime": "2022-11-30 04:10:06", "elapsed": 22539.549846, "delta": 1082.352447}}
