{"target": 0.004070789414751857, "params": {"colsampleBylevel": 0.7387379613801851, "colsampleBytree": 0.6419570060782255, "gamma": 16.942726337751534, "maxDepth": 0.10374388619737163, "minChildWeight": 52.1962385128259, "numberEstimators": 103.4971492633942, "subsample": 0.3612624467009697}, "datetime": {"datetime": "2022-12-05 04:43:51", "elapsed": 62249.728305, "delta": 1062.229774}}
{"target": 0.012306552153530728, "params": {"colsampleBylevel": 0.5738048112492177, "colsampleBytree": 0.5402078549485321, "gamma": 28.337627744574377, "maxDepth": 6.7929652951377815, "minChildWeight": 62.30480158800661, "numberEstimators": 102.24847187336043, "subsample": 0.7008487381961457}, "datetime": {"datetime": "2022-12-05 05:01:03", "elapsed": 63281.715179, "delta": 1031.986874}}
{"target": 0.026392088196085895, "params": {"colsampleBylevel": 0.287991826850691, "colsampleBytree": 0.6372288380755996, "gamma": 36.55895385262867, "maxDepth": 2.688819430502243, "minChildWeight": 87.39906198742806, "numberEstimators": 108.32184295036367, "subsample": 0.15997116435828795}, "datetime": {"datetime": "2022-12-05 05:16:23", "elapsed": 64202.008643, "delta": 920.293464}}
{"target": 0.028178949353101147, "params": {"colsampleBylevel": 0.9628373933510922, "colsampleBytree": 0.4952680383033991, "gamma": 36.494285915422495, "maxDepth": 3.0211272284190125, "minChildWeight": 89.95174662975961, "numberEstimators": 100.97080357991342, "subsample": 0.3037047274172817}, "datetime": {"datetime": "2022-12-05 05:32:07", "elapsed": 65145.979502, "delta": 943.970859}}
