{"target": 0.009783193733180172, "params": {"colsampleBylevel": 0.5188039103349633, "colsampleBytree": 0.7754334015585038, "gamma": 43.52138428624063, "maxDepth": 0.4023474264908955, "minChildWeight": 30.97359255052041, "numberEstimators": 959.7235523975963, "subsample": 0.5179855451452082}, "datetime": {"datetime": "2022-12-04 11:26:21", "elapsed": 0.0, "delta": 0.0}}
{"target": 0.019176911785506, "params": {"colsampleBylevel": 0.32510158062337763, "colsampleBytree": 0.5438079380513916, "gamma": 11.062747121387995, "maxDepth": 40.3240678962135, "minChildWeight": 34.22546256146843, "numberEstimators": 561.9444066137874, "subsample": 0.015815047695547747}, "datetime": {"datetime": "2022-12-04 11:48:31", "elapsed": 1329.453555, "delta": 1329.453555}}
{"target": 0.0027113806635747414, "params": {"colsampleBylevel": 0.6764209533987201, "colsampleBytree": 0.2179240195569508, "gamma": 46.62787964393559, "maxDepth": 18.712237474074605, "minChildWeight": 75.24189220859463, "numberEstimators": 774.9820517532459, "subsample": 0.8717944607190325}, "datetime": {"datetime": "2022-12-04 12:11:57", "elapsed": 2735.517052, "delta": 1406.063497}}
{"target": 0.0007828644501917927, "params": {"colsampleBylevel": 0.11901006647403564, "colsampleBytree": 0.307091060589846, "gamma": 23.745288297523427, "maxDepth": 33.64683595832929, "minChildWeight": 25.75924329206177, "numberEstimators": 716.0937537382631, "subsample": 0.6604300587805199}, "datetime": {"datetime": "2022-12-04 12:36:25", "elapsed": 4203.580952, "delta": 1468.0639}}
{"target": 0.03186466832787192, "params": {"colsampleBylevel": 0.19018768013477533, "colsampleBytree": 0.32884236290080976, "gamma": 44.376872846041415, "maxDepth": 4.167458052487838, "minChildWeight": 74.65641201404082, "numberEstimators": 109.23254653430259, "subsample": 0.7341663153070012}, "datetime": {"datetime": "2022-12-04 12:52:54", "elapsed": 5192.955575, "delta": 989.374623}}
{"target": 0.0020241546684238135, "params": {"colsampleBylevel": 0.7450862414436084, "colsampleBytree": 0.4138366553171447, "gamma": 49.56914994492406, "maxDepth": 22.60686493791959, "minChildWeight": 18.98785431279215, "numberEstimators": 384.04514849441347, "subsample": 0.7176635497610072}, "datetime": {"datetime": "2022-12-04 13:12:26", "elapsed": 6364.489671, "delta": 1171.534096}}
{"target": 0.0, "params": {"colsampleBylevel": 0.36386100961924794, "colsampleBytree": 0.06110236845512522, "gamma": 15.795950217598287, "maxDepth": 49.94023057824904, "minChildWeight": 28.790485661731413, "numberEstimators": 488.7060778450156, "subsample": 0.7379154298741335}, "datetime": {"datetime": "2022-12-04 13:37:18", "elapsed": 7856.357122, "delta": 1491.867451}}
{"target": 0.005139797561463886, "params": {"colsampleBylevel": 0.944242161237906, "colsampleBytree": 0.1836486162388883, "gamma": 10.621068795153338, "maxDepth": 6.623880647528085, "minChildWeight": 20.86811922474796, "numberEstimators": 995.903547316353, "subsample": 0.2541793735981396}, "datetime": {"datetime": "2022-12-04 14:06:19", "elapsed": 9597.585396, "delta": 1741.228274}}
{"target": 0.01272090013685026, "params": {"colsampleBylevel": 0.118952627024774, "colsampleBytree": 0.5072970358823554, "gamma": 22.806090761168136, "maxDepth": 36.72451144729409, "minChildWeight": 62.094354132229945, "numberEstimators": 640.0167153543731, "subsample": 0.15867090785407278}, "datetime": {"datetime": "2022-12-04 14:29:19", "elapsed": 10978.110931, "delta": 1380.525535}}
{"target": 0.009213206881974889, "params": {"colsampleBylevel": 0.5428918005251637, "colsampleBytree": 0.12914377107658379, "gamma": 7.651276101069815, "maxDepth": 22.508927840701272, "minChildWeight": 42.907234720670886, "numberEstimators": 746.9789767963227, "subsample": 0.08283583456089198}, "datetime": {"datetime": "2022-12-04 14:55:03", "elapsed": 12522.072853, "delta": 1543.961922}}
{"target": 0.02888568553004247, "params": {"colsampleBylevel": 0.1601677136148304, "colsampleBytree": 0.04403784681112785, "gamma": 42.75225962142185, "maxDepth": 6.004834662585667, "minChildWeight": 77.43422830947299, "numberEstimators": 112.85762117176036, "subsample": 0.5559712033560456}, "datetime": {"datetime": "2022-12-04 15:12:43", "elapsed": 13581.434752, "delta": 1059.361899}}
{"target": 0.002888691912300327, "params": {"colsampleBylevel": 0.3986478439303391, "colsampleBytree": 0.9942852962358671, "gamma": 49.95881380456974, "maxDepth": 10.56529371104972, "minChildWeight": 54.19958919455568, "numberEstimators": 105.49855074012856, "subsample": 1.0}, "datetime": {"datetime": "2022-12-04 15:29:09", "elapsed": 14567.658213, "delta": 986.223461}}
{"target": 0.017245036952477047, "params": {"colsampleBylevel": 0.6968580670377328, "colsampleBytree": 0.36242346062592934, "gamma": 37.54367755446411, "maxDepth": 5.798055956607651, "minChildWeight": 72.2841166325597, "numberEstimators": 115.05934020756611, "subsample": 0.9097014028382406}, "datetime": {"datetime": "2022-12-04 15:46:22", "elapsed": 15600.385714, "delta": 1032.727501}}
{"target": 0.027434498752364457, "params": {"colsampleBylevel": 0.6305961361673484, "colsampleBytree": 0.6248456538202511, "gamma": 39.23269139312995, "maxDepth": 2.5333811087606293, "minChildWeight": 78.2664233925408, "numberEstimators": 108.9856615404569, "subsample": 0.2573132260445613}, "datetime": {"datetime": "2022-12-04 16:01:47", "elapsed": 16525.209548, "delta": 924.823834}}
{"target": 0.025553534125141285, "params": {"colsampleBylevel": 0.9775109474056083, "colsampleBytree": 0.3554643251028567, "gamma": 47.499067474661885, "maxDepth": 8.812816592492556, "minChildWeight": 79.91061117963623, "numberEstimators": 100.46909992756821, "subsample": 0.13796695013747154}, "datetime": {"datetime": "2022-12-04 16:17:56", "elapsed": 17494.678777, "delta": 969.469229}}
{"target": 0.021546719372586492, "params": {"colsampleBylevel": 0.7249393671125592, "colsampleBytree": 0.37178186768151994, "gamma": 39.67218727740618, "maxDepth": 5.479991420383184, "minChildWeight": 93.5269645431958, "numberEstimators": 104.81349607530521, "subsample": 0.5504619594253288}, "datetime": {"datetime": "2022-12-04 16:34:50", "elapsed": 18508.963528, "delta": 1014.284751}}
{"target": 0.003138022730814071, "params": {"colsampleBylevel": 0.019102300741027527, "colsampleBytree": 0.28521883144365195, "gamma": 49.59993621647435, "maxDepth": 18.65073950036672, "minChildWeight": 96.11999236987569, "numberEstimators": 120.89894223497143, "subsample": 0.9811761704628272}, "datetime": {"datetime": "2022-12-04 16:53:53", "elapsed": 19652.118736, "delta": 1143.155208}}
{"target": 0.011496961378621362, "params": {"colsampleBylevel": 0.7173119729873967, "colsampleBytree": 0.6520537475887062, "gamma": 45.82985874647667, "maxDepth": 0.28954964857324517, "minChildWeight": 86.89025551447803, "numberEstimators": 89.66511993508557, "subsample": 0.31563378577825807}, "datetime": {"datetime": "2022-12-04 17:10:37", "elapsed": 20656.096971, "delta": 1003.978235}}
{"target": 0.019298843346476375, "params": {"colsampleBylevel": 0.2561259914261873, "colsampleBytree": 0.9255174386273014, "gamma": 48.3404702882117, "maxDepth": 5.391956604838227, "minChildWeight": 83.75881893356102, "numberEstimators": 116.27498765318833, "subsample": 0.913184963420212}, "datetime": {"datetime": "2022-12-04 17:27:49", "elapsed": 21688.154534, "delta": 1032.057563}}
{"target": 0.00811904879935241, "params": {"colsampleBylevel": 0.5287563232903916, "colsampleBytree": 0.05150075490827931, "gamma": 38.06050266267256, "maxDepth": 15.160744820787125, "minChildWeight": 79.88261606858902, "numberEstimators": 102.00782432677819, "subsample": 0.4599280766989929}, "datetime": {"datetime": "2022-12-04 17:46:45", "elapsed": 22823.581636, "delta": 1135.427102}}
{"target": 0.005674498454821939, "params": {"colsampleBylevel": 0.1745076777202065, "colsampleBytree": 0.15209964737295453, "gamma": 48.15857221685471, "maxDepth": 0.46394116521782935, "minChildWeight": 75.14366349481666, "numberEstimators": 121.11059942667869, "subsample": 0.5965341927535939}, "datetime": {"datetime": "2022-12-04 18:05:34", "elapsed": 23952.546439, "delta": 1128.964803}}
{"target": 0.02491046576570754, "params": {"colsampleBylevel": 0.1952743924565206, "colsampleBytree": 0.25386953267374285, "gamma": 46.51806029550604, "maxDepth": 1.141053003538578, "minChildWeight": 72.69701171811298, "numberEstimators": 94.1392264428071, "subsample": 0.8207394683707698}, "datetime": {"datetime": "2022-12-04 18:20:13", "elapsed": 24831.926906, "delta": 879.380467}}
{"target": 0.026999754561855528, "params": {"colsampleBylevel": 0.8118125268182165, "colsampleBytree": 0.08135583600824661, "gamma": 49.55792863863556, "maxDepth": 4.650317113737723, "minChildWeight": 77.56092229499862, "numberEstimators": 100.63352622419868, "subsample": 0.6641053925900859}, "datetime": {"datetime": "2022-12-04 18:36:28", "elapsed": 25806.35849, "delta": 974.431584}}
{"target": 0.0036437915324719393, "params": {"colsampleBylevel": 0.6808291375051322, "colsampleBytree": 0.5271409735176793, "gamma": 9.92651656502479, "maxDepth": 29.26519704384069, "minChildWeight": 44.14985976152943, "numberEstimators": 553.3531299930482, "subsample": 0.12879128822007505}, "datetime": {"datetime": "2022-12-04 18:58:53", "elapsed": 27151.22545, "delta": 1344.86696}}
{"target": 0.0014971752214881563, "params": {"colsampleBylevel": 0.11450979154244945, "colsampleBytree": 0.6574608535660458, "gamma": 6.429913976789786, "maxDepth": 46.69011283091549, "minChildWeight": 28.225483217617032, "numberEstimators": 572.7150187968381, "subsample": 0.15692488836329224}, "datetime": {"datetime": "2022-12-04 19:22:28", "elapsed": 28566.235909, "delta": 1415.010459}}
{"target": 0.015379460042151355, "params": {"colsampleBylevel": 0.2754155305300178, "colsampleBytree": 0.8274080953719143, "gamma": 40.443873679946726, "maxDepth": 7.786173790871143, "minChildWeight": 67.78336018290125, "numberEstimators": 84.13726880675989, "subsample": 0.6525089596459243}, "datetime": {"datetime": "2022-12-04 19:39:22", "elapsed": 29580.344537, "delta": 1014.108628}}
{"target": 0.023320347451106165, "params": {"colsampleBylevel": 0.2701101323271444, "colsampleBytree": 0.37550802219127916, "gamma": 49.645722547074186, "maxDepth": 1.705800140487962, "minChildWeight": 77.57626272951056, "numberEstimators": 108.36979134883474, "subsample": 0.04974696229374803}, "datetime": {"datetime": "2022-12-04 19:54:13", "elapsed": 30472.150871, "delta": 891.806334}}
{"target": 0.0010172570390554042, "params": {"colsampleBylevel": 0.4879106412804853, "colsampleBytree": 0.6650275125900541, "gamma": 21.986409102277328, "maxDepth": 39.4246941875863, "minChildWeight": 27.489728521926104, "numberEstimators": 552.4939029969346, "subsample": 0.4603516612867486}, "datetime": {"datetime": "2022-12-04 20:15:58", "elapsed": 31776.577148, "delta": 1304.426277}}
{"target": 0.026650527243896032, "params": {"colsampleBylevel": 0.8614207342349726, "colsampleBytree": 0.025008100997070196, "gamma": 36.53843795981179, "maxDepth": 3.037689096218632, "minChildWeight": 65.56507239617986, "numberEstimators": 98.54358986661921, "subsample": 0.22642548705055482}, "datetime": {"datetime": "2022-12-04 20:31:42", "elapsed": 32720.264968, "delta": 943.68782}}
{"target": 0.024628082392718288, "params": {"colsampleBylevel": 0.16602104045623792, "colsampleBytree": 0.41056892852343313, "gamma": 22.60465523757113, "maxDepth": 2.411833045034256, "minChildWeight": 63.972670918511355, "numberEstimators": 100.21088210450915, "subsample": 0.3230712400157523}, "datetime": {"datetime": "2022-12-04 20:47:03", "elapsed": 33641.89654, "delta": 921.631572}}
{"target": 0.023352625873937504, "params": {"colsampleBylevel": 0.37574229091503814, "colsampleBytree": 0.16927928421886007, "gamma": 22.361175181836156, "maxDepth": 6.003177348186872, "minChildWeight": 54.668816487709115, "numberEstimators": 97.6886967813735, "subsample": 0.9885757618531135}, "datetime": {"datetime": "2022-12-04 21:04:18", "elapsed": 34676.447544, "delta": 1034.551004}}
{"target": 0.02592030681325076, "params": {"colsampleBylevel": 0.3359428207416531, "colsampleBytree": 0.38869127918342405, "gamma": 21.501158368912666, "maxDepth": 3.8045895821971154, "minChildWeight": 60.39099678903855, "numberEstimators": 84.27558419838596, "subsample": 0.7546264618234172}, "datetime": {"datetime": "2022-12-04 21:19:40", "elapsed": 35599.00287, "delta": 922.555326}}
{"target": 0.024997349874774748, "params": {"colsampleBylevel": 0.596898666978568, "colsampleBytree": 0.32642231152334916, "gamma": 9.919299089375366, "maxDepth": 2.1297200983429407, "minChildWeight": 57.97261633668257, "numberEstimators": 82.38671245782385, "subsample": 0.9788359624595114}, "datetime": {"datetime": "2022-12-04 21:34:44", "elapsed": 36502.329707, "delta": 903.326837}}
{"target": 0.0006033178524711741, "params": {"colsampleBylevel": 0.20200497961700858, "colsampleBytree": 0.0485692435358386, "gamma": 15.021264993010147, "maxDepth": 0.2736002253579062, "minChildWeight": 70.50899949071083, "numberEstimators": 91.27753770844998, "subsample": 0.9344683860309616}, "datetime": {"datetime": "2022-12-04 21:56:36", "elapsed": 37814.346604, "delta": 1312.016897}}
{"target": 0.0020133124629243726, "params": {"colsampleBylevel": 0.09857373354982801, "colsampleBytree": 0.2591163732413242, "gamma": 18.621313770583598, "maxDepth": 14.271388417470716, "minChildWeight": 55.616604300736604, "numberEstimators": 73.36099243582554, "subsample": 0.32540934334205845}, "datetime": {"datetime": "2022-12-04 22:14:13", "elapsed": 38871.772679, "delta": 1057.426075}}
{"target": 0.011280461147510173, "params": {"colsampleBylevel": 0.6545734987265611, "colsampleBytree": 0.748041973210381, "gamma": 44.80001736692451, "maxDepth": 8.663971756739903, "minChildWeight": 71.40193577397575, "numberEstimators": 102.51339791236363, "subsample": 0.5849478428385196}, "datetime": {"datetime": "2022-12-04 22:31:05", "elapsed": 39884.10654, "delta": 1012.333861}}
{"target": 0.025346352169382524, "params": {"colsampleBylevel": 0.7447631562739957, "colsampleBytree": 0.40274439674598783, "gamma": 25.364592605367637, "maxDepth": 1.4964253860369758, "minChildWeight": 53.38517440680981, "numberEstimators": 105.94761540920766, "subsample": 0.393245132161691}, "datetime": {"datetime": "2022-12-04 22:45:58", "elapsed": 40776.770805, "delta": 892.664265}}
{"target": 0.025373158734759434, "params": {"colsampleBylevel": 0.9732245129218129, "colsampleBytree": 0.368454317047859, "gamma": 29.61453118095096, "maxDepth": 1.7396605624183048, "minChildWeight": 59.27810346637725, "numberEstimators": 89.53234514103332, "subsample": 0.517248749350003}, "datetime": {"datetime": "2022-12-04 23:00:40", "elapsed": 41658.671627, "delta": 881.900822}}
{"target": 0.02835161997618752, "params": {"colsampleBylevel": 0.8606655660392499, "colsampleBytree": 0.8898488252424781, "gamma": 33.26009288566498, "maxDepth": 4.460907482664989, "minChildWeight": 59.59538984688225, "numberEstimators": 98.67975037947141, "subsample": 0.947302003975943}, "datetime": {"datetime": "2022-12-04 23:16:50", "elapsed": 42629.126229, "delta": 970.454602}}
{"target": 0.020751958556678055, "params": {"colsampleBylevel": 0.01, "colsampleBytree": 0.01, "gamma": 30.895783368775987, "maxDepth": 0.0, "minChildWeight": 62.55263289618203, "numberEstimators": 104.80742613328286, "subsample": 1.0}, "datetime": {"datetime": "2022-12-04 23:40:24", "elapsed": 44042.973288, "delta": 1413.847059}}
{"target": 0.030135499020687285, "params": {"colsampleBylevel": 0.47912861392834183, "colsampleBytree": 0.3887502020751208, "gamma": 41.94907422075414, "maxDepth": 4.146009644896314, "minChildWeight": 84.40112420397062, "numberEstimators": 103.0348385763995, "subsample": 0.6519208623184894}, "datetime": {"datetime": "2022-12-04 23:56:40", "elapsed": 45018.680851, "delta": 975.707563}}
{"target": 0.005499406107949241, "params": {"colsampleBylevel": 0.9264047806556138, "colsampleBytree": 0.9438218171289666, "gamma": 28.761168898059562, "maxDepth": 14.566460670895703, "minChildWeight": 63.09194509044119, "numberEstimators": 94.8262839168562, "subsample": 0.5080675099011578}, "datetime": {"datetime": "2022-12-05 00:12:59", "elapsed": 45998.074817, "delta": 979.393966}}
{"target": 0.03167994478161765, "params": {"colsampleBylevel": 0.5855726506716585, "colsampleBytree": 0.12686551866983029, "gamma": 14.677900558369695, "maxDepth": 4.63686714864231, "minChildWeight": 52.748880790408016, "numberEstimators": 108.95454811616224, "subsample": 0.3925327561035965}, "datetime": {"datetime": "2022-12-05 00:29:31", "elapsed": 46989.797104, "delta": 991.722287}}
{"target": 0.0026285913993431796, "params": {"colsampleBylevel": 0.23057129543098848, "colsampleBytree": 0.4021242426559897, "gamma": 12.340420220172371, "maxDepth": 13.235273466125191, "minChildWeight": 47.04356353610354, "numberEstimators": 106.28388333977362, "subsample": 0.22481683023127974}, "datetime": {"datetime": "2022-12-05 00:46:51", "elapsed": 48030.126724, "delta": 1040.32962}}
{"target": 0.00043901769790094666, "params": {"colsampleBylevel": 0.6092011925582378, "colsampleBytree": 0.24356552420142116, "gamma": 3.637248825036404, "maxDepth": 0.09220459187497809, "minChildWeight": 55.51268291772578, "numberEstimators": 98.59058993616244, "subsample": 0.5293982898081578}, "datetime": {"datetime": "2022-12-05 01:08:22", "elapsed": 49320.34249, "delta": 1290.215766}}
{"target": 0.024991271686686918, "params": {"colsampleBylevel": 0.41810689353595293, "colsampleBytree": 0.4841486722592842, "gamma": 20.164852987844288, "maxDepth": 1.7208786260232756, "minChildWeight": 60.01663385312859, "numberEstimators": 115.12391817829783, "subsample": 0.5990120308412645}, "datetime": {"datetime": "2022-12-05 01:23:19", "elapsed": 50217.81643, "delta": 897.47394}}
{"target": 0.021848963908533876, "params": {"colsampleBylevel": 0.01, "colsampleBytree": 0.01, "gamma": 42.542304512795965, "maxDepth": 0.0, "minChildWeight": 77.72586126758404, "numberEstimators": 101.4215748431368, "subsample": 1.0}, "datetime": {"datetime": "2022-12-05 01:46:16", "elapsed": 51594.746416, "delta": 1376.929986}}
{"target": 0.029012547809974143, "params": {"colsampleBylevel": 0.799230043350774, "colsampleBytree": 0.43731005764875647, "gamma": 21.539630906050515, "maxDepth": 3.522427670792033, "minChildWeight": 61.22117523787388, "numberEstimators": 106.10867187199875, "subsample": 0.7294468031101071}, "datetime": {"datetime": "2022-12-05 02:02:06", "elapsed": 52544.579416, "delta": 949.833}}
{"target": 0.02480700991842467, "params": {"colsampleBylevel": 0.6378163218481767, "colsampleBytree": 0.47934786636909893, "gamma": 10.025575567512462, "maxDepth": 1.4782283564704624, "minChildWeight": 52.09572746102835, "numberEstimators": 122.86790564717671, "subsample": 0.8400761254593336}, "datetime": {"datetime": "2022-12-05 02:17:08", "elapsed": 53446.249668, "delta": 901.670252}}
{"target": 0.025347032204384938, "params": {"colsampleBylevel": 0.9207798828453579, "colsampleBytree": 0.6883188093580003, "gamma": 44.48645418403126, "maxDepth": 1.0067921247939648, "minChildWeight": 61.27182650223936, "numberEstimators": 95.13924715030149, "subsample": 0.03317457310114012}, "datetime": {"datetime": "2022-12-05 02:31:45", "elapsed": 54323.379718, "delta": 877.13005}}
{"target": 0.015641463822328956, "params": {"colsampleBylevel": 0.819164656895877, "colsampleBytree": 0.9895959667449058, "gamma": 12.525799973559387, "maxDepth": 6.372174383424012, "minChildWeight": 57.636827849119435, "numberEstimators": 112.31335481700013, "subsample": 0.24157504368907945}, "datetime": {"datetime": "2022-12-05 02:49:16", "elapsed": 55374.605683, "delta": 1051.225965}}
{"target": 0.031894312332715544, "params": {"colsampleBylevel": 0.7250913697404388, "colsampleBytree": 0.5196050850146052, "gamma": 15.42175413628113, "maxDepth": 3.5026998211378277, "minChildWeight": 51.97819321365959, "numberEstimators": 132.01955792321434, "subsample": 0.15482393104996423}, "datetime": {"datetime": "2022-12-05 03:05:37", "elapsed": 56355.802656, "delta": 981.196973}}
{"target": 0.00834929273636827, "params": {"colsampleBylevel": 0.7894744867394011, "colsampleBytree": 0.7780665021055488, "gamma": 19.797085664556054, "maxDepth": 10.607504495335068, "minChildWeight": 44.76091637688143, "numberEstimators": 130.94918465686138, "subsample": 0.3769796845454785}, "datetime": {"datetime": "2022-12-05 03:22:31", "elapsed": 57369.518199, "delta": 1013.715543}}
{"target": 0.021893570230434832, "params": {"colsampleBylevel": 0.7643913507282273, "colsampleBytree": 0.025456529520903482, "gamma": 23.008589643431304, "maxDepth": 0.7541625545614661, "minChildWeight": 56.073873398735465, "numberEstimators": 137.4476462372466, "subsample": 0.04879596149551536}, "datetime": {"datetime": "2022-12-05 03:42:18", "elapsed": 58556.922629, "delta": 1187.40443}}
{"target": 0.0, "params": {"colsampleBylevel": 0.8571149763684631, "colsampleBytree": 0.0294672959829508, "gamma": 10.203939008202244, "maxDepth": 0.3766014651175986, "minChildWeight": 46.49566592666745, "numberEstimators": 135.95323726655772, "subsample": 0.938899687770701}, "datetime": {"datetime": "2022-12-05 04:07:52", "elapsed": 60090.920086, "delta": 1533.997457}}
{"target": 0.01567362749679757, "params": {"colsampleBylevel": 0.3664953581077669, "colsampleBytree": 0.08625829475718072, "gamma": 11.98286029248335, "maxDepth": 6.875539171477662, "minChildWeight": 56.69309734471823, "numberEstimators": 130.47165167344392, "subsample": 0.6347265797452987}, "datetime": {"datetime": "2022-12-05 04:26:09", "elapsed": 61187.498531, "delta": 1096.578445}}
