{"target": 0.0019113973925706837, "params": {"colsampleBylevel": 0.5188039103349633, "colsampleBytree": 0.7754334015585038, "gamma": 43.52138428624063, "maxDepth": 0.4023474264908955, "minChildWeight": 30.97359255052041, "numberEstimators": 959.7235523975963, "subsample": 0.5179855451452082}, "datetime": {"datetime": "2022-12-04 13:55:43", "elapsed": 0.0, "delta": 0.0}}
{"target": 0.05882669629737145, "params": {"colsampleBylevel": 0.32510158062337763, "colsampleBytree": 0.5438079380513916, "gamma": 11.062747121387995, "maxDepth": 40.3240678962135, "minChildWeight": 34.22546256146843, "numberEstimators": 561.9444066137874, "subsample": 0.015815047695547747}, "datetime": {"datetime": "2022-12-04 14:14:51", "elapsed": 1148.408239, "delta": 1148.408239}}
{"target": 0.004173618195844916, "params": {"colsampleBylevel": 0.6764209533987201, "colsampleBytree": 0.2179240195569508, "gamma": 46.62787964393559, "maxDepth": 18.712237474074605, "minChildWeight": 75.24189220859463, "numberEstimators": 774.9820517532459, "subsample": 0.8717944607190325}, "datetime": {"datetime": "2022-12-04 14:33:37", "elapsed": 2273.795598, "delta": 1125.387359}}
{"target": 0.000699912510936133, "params": {"colsampleBylevel": 0.11901006647403564, "colsampleBytree": 0.307091060589846, "gamma": 23.745288297523427, "maxDepth": 33.64683595832929, "minChildWeight": 25.75924329206177, "numberEstimators": 716.0937537382631, "subsample": 0.6604300587805199}, "datetime": {"datetime": "2022-12-04 14:52:24", "elapsed": 3400.67876, "delta": 1126.883162}}
{"target": 0.08651470535640585, "params": {"colsampleBylevel": 0.19018768013477533, "colsampleBytree": 0.32884236290080976, "gamma": 44.376872846041415, "maxDepth": 4.167458052487838, "minChildWeight": 74.65641201404082, "numberEstimators": 109.23254653430259, "subsample": 0.7341663153070012}, "datetime": {"datetime": "2022-12-04 15:07:51", "elapsed": 4328.213926, "delta": 927.535166}}
{"target": 0.0008502465190629441, "params": {"colsampleBylevel": 0.7450862414436084, "colsampleBytree": 0.4138366553171447, "gamma": 49.56914994492406, "maxDepth": 22.60686493791959, "minChildWeight": 18.98785431279215, "numberEstimators": 384.04514849441347, "subsample": 0.7176635497610072}, "datetime": {"datetime": "2022-12-04 15:24:47", "elapsed": 5343.903198, "delta": 1015.689272}}
{"target": 0.0023838983118588367, "params": {"colsampleBylevel": 0.36386100961924794, "colsampleBytree": 0.06110236845512522, "gamma": 15.795950217598287, "maxDepth": 49.94023057824904, "minChildWeight": 28.790485661731413, "numberEstimators": 488.7060778450156, "subsample": 0.7379154298741335}, "datetime": {"datetime": "2022-12-04 15:43:04", "elapsed": 6441.387386, "delta": 1097.484188}}
{"target": 0.015585808647689294, "params": {"colsampleBylevel": 0.944242161237906, "colsampleBytree": 0.1836486162388883, "gamma": 10.621068795153338, "maxDepth": 6.623880647528085, "minChildWeight": 20.86811922474796, "numberEstimators": 995.903547316353, "subsample": 0.2541793735981396}, "datetime": {"datetime": "2022-12-04 16:04:44", "elapsed": 7741.582096, "delta": 1300.19471}}
{"target": 0.02461728128343171, "params": {"colsampleBylevel": 0.118952627024774, "colsampleBytree": 0.5072970358823554, "gamma": 22.806090761168136, "maxDepth": 36.72451144729409, "minChildWeight": 62.094354132229945, "numberEstimators": 640.0167153543731, "subsample": 0.15867090785407278}, "datetime": {"datetime": "2022-12-04 16:23:34", "elapsed": 8870.868119, "delta": 1129.286023}}
{"target": 0.011243875803650518, "params": {"colsampleBylevel": 0.5428918005251637, "colsampleBytree": 0.12914377107658379, "gamma": 7.651276101069815, "maxDepth": 22.508927840701272, "minChildWeight": 42.907234720670886, "numberEstimators": 746.9789767963227, "subsample": 0.08283583456089198}, "datetime": {"datetime": "2022-12-04 16:43:07", "elapsed": 10044.201375, "delta": 1173.333256}}
{"target": 0.0777207134610613, "params": {"colsampleBylevel": 0.1601677136148304, "colsampleBytree": 0.04403784681112785, "gamma": 42.75225962142185, "maxDepth": 6.004834662585667, "minChildWeight": 77.43422830947299, "numberEstimators": 112.85762117176036, "subsample": 0.5559712033560456}, "datetime": {"datetime": "2022-12-04 16:58:36", "elapsed": 10972.834145, "delta": 928.63277}}
{"target": 0.07299396638858699, "params": {"colsampleBylevel": 0.4214560195585773, "colsampleBytree": 0.973062627482688, "gamma": 42.509023856634336, "maxDepth": 2.0262067515394095, "minChildWeight": 50.5582001146259, "numberEstimators": 100.37356006637465, "subsample": 1.0}, "datetime": {"datetime": "2022-12-04 17:13:57", "elapsed": 11894.456912, "delta": 921.622767}}
{"target": 0.005173876686571723, "params": {"colsampleBylevel": 0.25236733122331423, "colsampleBytree": 1.0, "gamma": 50.0, "maxDepth": 0.0, "minChildWeight": 81.4678508761157, "numberEstimators": 80.06506597887896, "subsample": 1.0}, "datetime": {"datetime": "2022-12-04 17:29:21", "elapsed": 12818.442004, "delta": 923.985092}}
{"target": 0.013240932435108174, "params": {"colsampleBylevel": 0.2510876361563505, "colsampleBytree": 1.0, "gamma": 50.0, "maxDepth": 0.0, "minChildWeight": 60.8693749069006, "numberEstimators": 117.64079969803942, "subsample": 1.0}, "datetime": {"datetime": "2022-12-04 17:45:02", "elapsed": 13758.732085, "delta": 940.290081}}
{"target": 0.07650724350299805, "params": {"colsampleBylevel": 0.9775109474056083, "colsampleBytree": 0.3554643251028567, "gamma": 47.499067474661885, "maxDepth": 8.812816592492556, "minChildWeight": 79.91061117963623, "numberEstimators": 100.46909992756821, "subsample": 0.13796695013747154}, "datetime": {"datetime": "2022-12-04 18:00:18", "elapsed": 14675.371897, "delta": 916.639812}}
{"target": 0.06672768119289037, "params": {"colsampleBylevel": 0.14242881622294878, "colsampleBytree": 0.10776203053625012, "gamma": 34.2552076033014, "maxDepth": 5.350469553963072, "minChildWeight": 82.12030438232141, "numberEstimators": 104.02326865611892, "subsample": 0.38499295445159937}, "datetime": {"datetime": "2022-12-04 18:15:33", "elapsed": 15589.654229, "delta": 914.282332}}
{"target": 0.013092257073915481, "params": {"colsampleBylevel": 0.6774446159866032, "colsampleBytree": 0.3529892597378885, "gamma": 33.91838987544367, "maxDepth": 12.002393680196688, "minChildWeight": 64.5505727636336, "numberEstimators": 96.01311063994658, "subsample": 0.5788653869906324}, "datetime": {"datetime": "2022-12-04 18:30:53", "elapsed": 16510.077802, "delta": 920.423573}}
{"target": 0.0551894824589632, "params": {"colsampleBylevel": 0.47791904824960424, "colsampleBytree": 0.7310358123674631, "gamma": 46.87461633303093, "maxDepth": 8.050212165396081, "minChildWeight": 82.89792583744223, "numberEstimators": 108.26856517632469, "subsample": 0.13931927472508435}, "datetime": {"datetime": "2022-12-04 18:46:12", "elapsed": 17428.665205, "delta": 918.587403}}
{"target": 0.07835210026014675, "params": {"colsampleBylevel": 0.554593466951985, "colsampleBytree": 0.8701668231988728, "gamma": 36.315202442255526, "maxDepth": 4.180196969867733, "minChildWeight": 44.87609944862365, "numberEstimators": 90.90117094482702, "subsample": 0.11916515751873291}, "datetime": {"datetime": "2022-12-04 19:01:25", "elapsed": 18342.211238, "delta": 913.546033}}
{"target": 0.029248453303526767, "params": {"colsampleBylevel": 0.8481147590037919, "colsampleBytree": 0.4186110649296228, "gamma": 48.70307197754521, "maxDepth": 8.016282129779583, "minChildWeight": 70.28326449816605, "numberEstimators": 102.23727716157029, "subsample": 0.6445219666426177}, "datetime": {"datetime": "2022-12-04 19:16:41", "elapsed": 19258.227629, "delta": 916.016391}}
{"target": 0.004999567129029543, "params": {"colsampleBylevel": 0.3565288514625436, "colsampleBytree": 1.0, "gamma": 41.092370507796915, "maxDepth": 0.0, "minChildWeight": 41.97232405853798, "numberEstimators": 96.57533984775826, "subsample": 0.6463014079884254}, "datetime": {"datetime": "2022-12-04 19:32:01", "elapsed": 20178.390171, "delta": 920.162542}}
{"target": 0.05215063730102083, "params": {"colsampleBylevel": 0.9897309959574665, "colsampleBytree": 0.017977889275865848, "gamma": 36.53537648752782, "maxDepth": 9.322113074573974, "minChildWeight": 48.31703918065222, "numberEstimators": 89.48626387715129, "subsample": 0.6954049154910072}, "datetime": {"datetime": "2022-12-04 19:47:23", "elapsed": 21099.71146, "delta": 921.321289}}
{"target": 0.06463193833082649, "params": {"colsampleBylevel": 0.9133847408041817, "colsampleBytree": 0.8099654137952814, "gamma": 42.07692696090139, "maxDepth": 1.479302543106109, "minChildWeight": 84.66051571089393, "numberEstimators": 98.88132762812837, "subsample": 0.7441471734760265}, "datetime": {"datetime": "2022-12-04 20:02:06", "elapsed": 21982.927278, "delta": 883.215818}}
{"target": 0.01716433826220079, "params": {"colsampleBylevel": 0.41324482316512207, "colsampleBytree": 0.6175996787508043, "gamma": 41.191717104190374, "maxDepth": 7.381586148312641, "minChildWeight": 71.14840473575777, "numberEstimators": 115.68901488460163, "subsample": 0.7969759237738959}, "datetime": {"datetime": "2022-12-04 20:17:40", "elapsed": 22917.541279, "delta": 934.614001}}
{"target": 0.008152792018363558, "params": {"colsampleBylevel": 0.5690247707093207, "colsampleBytree": 0.5166593975294955, "gamma": 36.98367361164561, "maxDepth": 9.977755472508942, "minChildWeight": 86.60363772415425, "numberEstimators": 99.51303275403988, "subsample": 0.8019384587441011}, "datetime": {"datetime": "2022-12-04 20:33:16", "elapsed": 23853.279018, "delta": 935.737739}}
{"target": 0.012208101135975655, "params": {"colsampleBylevel": 0.7576579327113657, "colsampleBytree": 0.04313216034168218, "gamma": 43.019924481584304, "maxDepth": 10.58323022047088, "minChildWeight": 77.43834088715707, "numberEstimators": 103.93170801951588, "subsample": 0.8442947694559094}, "datetime": {"datetime": "2022-12-04 20:48:56", "elapsed": 24793.38824, "delta": 940.109222}}
{"target": 0.07093842105875871, "params": {"colsampleBylevel": 0.27469489008597786, "colsampleBytree": 0.04552853119180458, "gamma": 42.49564798512608, "maxDepth": 7.748843575531994, "minChildWeight": 81.41001310117097, "numberEstimators": 109.54323752256042, "subsample": 0.2852281882379175}, "datetime": {"datetime": "2022-12-04 21:03:57", "elapsed": 25694.085195, "delta": 900.696955}}
{"target": 0.062019781020086165, "params": {"colsampleBylevel": 0.1776698437790881, "colsampleBytree": 0.1937877551126671, "gamma": 44.475328638649785, "maxDepth": 6.319792815125908, "minChildWeight": 84.72333266600525, "numberEstimators": 99.51562810480604, "subsample": 0.516149463349903}, "datetime": {"datetime": "2022-12-04 21:19:13", "elapsed": 26610.322046, "delta": 916.236851}}
{"target": 0.07506277520995916, "params": {"colsampleBylevel": 0.17409694517251348, "colsampleBytree": 0.7588222305747562, "gamma": 43.84237326970209, "maxDepth": 3.4788403363485374, "minChildWeight": 80.86380530231378, "numberEstimators": 113.62620713536532, "subsample": 0.22574617783428033}, "datetime": {"datetime": "2022-12-04 21:34:26", "elapsed": 27522.903363, "delta": 912.581317}}
{"target": 0.06218082379983954, "params": {"colsampleBylevel": 0.4936265729195932, "colsampleBytree": 0.023316782053052015, "gamma": 47.65192657220183, "maxDepth": 5.5724535031606734, "minChildWeight": 78.87566585420024, "numberEstimators": 116.06600760059382, "subsample": 0.2610425181695057}, "datetime": {"datetime": "2022-12-04 21:49:41", "elapsed": 28438.472204, "delta": 915.568841}}
{"target": 0.07314436351771185, "params": {"colsampleBylevel": 0.7150180738387014, "colsampleBytree": 0.631941172127224, "gamma": 42.78530578635241, "maxDepth": 4.201699257925679, "minChildWeight": 89.09259661078589, "numberEstimators": 110.54497737689623, "subsample": 0.19523427142496316}, "datetime": {"datetime": "2022-12-04 22:05:20", "elapsed": 29376.771524, "delta": 938.29932}}
{"target": 0.057390057287802866, "params": {"colsampleBylevel": 0.33597489196245206, "colsampleBytree": 0.0364629623462024, "gamma": 36.36559250202327, "maxDepth": 1.4279532790241911, "minChildWeight": 49.31654904230645, "numberEstimators": 88.29756089747838, "subsample": 0.04630083946016965}, "datetime": {"datetime": "2022-12-04 22:20:02", "elapsed": 30259.29784, "delta": 882.526316}}
{"target": 0.08212492390817368, "params": {"colsampleBylevel": 0.4974860505724535, "colsampleBytree": 0.6509937514140504, "gamma": 38.72002522613041, "maxDepth": 5.27023148717079, "minChildWeight": 41.34086454302883, "numberEstimators": 85.94347506084344, "subsample": 0.32247223189965946}, "datetime": {"datetime": "2022-12-04 22:35:05", "elapsed": 31162.053391, "delta": 902.755551}}
{"target": 0.07641470683109572, "params": {"colsampleBylevel": 0.8272349169300753, "colsampleBytree": 0.795965359571721, "gamma": 41.132876797602385, "maxDepth": 3.910647506392845, "minChildWeight": 41.92558041624549, "numberEstimators": 80.81981893610545, "subsample": 0.319287484171183}, "datetime": {"datetime": "2022-12-04 22:50:10", "elapsed": 32067.387134, "delta": 905.333743}}
{"target": 0.06671891943041257, "params": {"colsampleBylevel": 0.3114487101337308, "colsampleBytree": 0.2967480520279546, "gamma": 33.65140432954903, "maxDepth": 3.2205245825835114, "minChildWeight": 35.785358887537086, "numberEstimators": 81.56750810378242, "subsample": 0.1488187751024593}, "datetime": {"datetime": "2022-12-04 23:05:06", "elapsed": 32963.237045, "delta": 895.849911}}
{"target": 0.0768493569322107, "params": {"colsampleBylevel": 0.13412532082482576, "colsampleBytree": 0.5925994061205223, "gamma": 39.147865356575686, "maxDepth": 4.269969009876029, "minChildWeight": 40.19513433559442, "numberEstimators": 74.87771511364556, "subsample": 0.21777829629459047}, "datetime": {"datetime": "2022-12-04 23:20:00", "elapsed": 33856.687109, "delta": 893.450064}}
{"target": 0.02730589822234153, "params": {"colsampleBylevel": 0.40056882010171274, "colsampleBytree": 0.9711037317972306, "gamma": 35.7617034928788, "maxDepth": 8.093439037315042, "minChildWeight": 39.311175303002656, "numberEstimators": 78.6563855985216, "subsample": 0.44547652632670665}, "datetime": {"datetime": "2022-12-04 23:35:10", "elapsed": 34767.452356, "delta": 910.765247}}
{"target": 0.08067666398243047, "params": {"colsampleBylevel": 0.7265165888485023, "colsampleBytree": 0.4901249316029686, "gamma": 37.4469893040207, "maxDepth": 2.192997345967085, "minChildWeight": 81.91141218587872, "numberEstimators": 106.03704741659001, "subsample": 0.7173138382261177}, "datetime": {"datetime": "2022-12-04 23:50:02", "elapsed": 35659.424586, "delta": 891.97223}}
{"target": 0.00344984144245455, "params": {"colsampleBylevel": 0.5798500276598297, "colsampleBytree": 0.7561036757917257, "gamma": 41.143053817628115, "maxDepth": 0.7107099720839782, "minChildWeight": 38.713752562063696, "numberEstimators": 69.90491448835658, "subsample": 0.6227918089287816}, "datetime": {"datetime": "2022-12-05 00:05:08", "elapsed": 36565.179989, "delta": 905.755403}}
{"target": 0.004621073929891152, "params": {"colsampleBylevel": 0.5312025202333999, "colsampleBytree": 0.8313214780879077, "gamma": 30.376013881226893, "maxDepth": 0.9225088578059981, "minChildWeight": 40.19154635984897, "numberEstimators": 91.9468521742981, "subsample": 0.5934189553213991}, "datetime": {"datetime": "2022-12-05 00:20:19", "elapsed": 37476.225499, "delta": 911.04551}}
{"target": 0.08109248270684079, "params": {"colsampleBylevel": 0.47912861392834183, "colsampleBytree": 0.3887502020751208, "gamma": 41.94907422075414, "maxDepth": 4.146009644896314, "minChildWeight": 84.40112420397062, "numberEstimators": 103.0348385763995, "subsample": 0.6519208623184894}, "datetime": {"datetime": "2022-12-05 00:35:24", "elapsed": 38380.649234, "delta": 904.423735}}
{"target": 0.07907038600994504, "params": {"colsampleBylevel": 0.49998857663803464, "colsampleBytree": 0.5893780017186782, "gamma": 35.72026646249758, "maxDepth": 5.918564519851044, "minChildWeight": 83.44670128265396, "numberEstimators": 110.19165083831932, "subsample": 0.15831484131305748}, "datetime": {"datetime": "2022-12-05 00:50:44", "elapsed": 39301.154246, "delta": 920.505012}}
{"target": 0.05134291354690281, "params": {"colsampleBylevel": 0.4052567407029439, "colsampleBytree": 0.436043187112607, "gamma": 44.31634720901809, "maxDepth": 6.082832511777003, "minChildWeight": 42.399557607000226, "numberEstimators": 83.76199985132988, "subsample": 0.21947259593794177}, "datetime": {"datetime": "2022-12-05 01:05:52", "elapsed": 40209.374159, "delta": 908.219913}}
{"target": 0.07271858076324375, "params": {"colsampleBylevel": 0.9996932154461704, "colsampleBytree": 0.777249321766754, "gamma": 30.416957423219337, "maxDepth": 2.213719637065087, "minChildWeight": 85.6014701977872, "numberEstimators": 109.98900522253138, "subsample": 0.014626550212866619}, "datetime": {"datetime": "2022-12-05 01:20:47", "elapsed": 41104.581821, "delta": 895.207662}}
{"target": 0.0073258469184418655, "params": {"colsampleBylevel": 0.28146308521270785, "colsampleBytree": 0.7740340767035874, "gamma": 39.21694260007353, "maxDepth": 0.9763920914114155, "minChildWeight": 77.45653640895893, "numberEstimators": 114.78415142176192, "subsample": 0.5184380598925833}, "datetime": {"datetime": "2022-12-05 01:36:14", "elapsed": 42030.732142, "delta": 926.150321}}
{"target": 0.08209557406055597, "params": {"colsampleBylevel": 0.44591880410685, "colsampleBytree": 0.16041715886734215, "gamma": 47.84632266837397, "maxDepth": 4.224556909903143, "minChildWeight": 78.24967218697118, "numberEstimators": 108.67445204720403, "subsample": 0.45747569344727185}, "datetime": {"datetime": "2022-12-05 01:51:31", "elapsed": 42947.699957, "delta": 916.967815}}
{"target": 0.0003703325498028745, "params": {"colsampleBylevel": 0.6237046959777928, "colsampleBytree": 0.1296297915729165, "gamma": 48.0016092301333, "maxDepth": 0.2783135562278771, "minChildWeight": 85.87492748501768, "numberEstimators": 106.66414191206137, "subsample": 0.8836446880947478}, "datetime": {"datetime": "2022-12-05 02:06:55", "elapsed": 43871.862552, "delta": 924.162595}}
{"target": 0.07822075056428542, "params": {"colsampleBylevel": 0.4337991306955367, "colsampleBytree": 0.9692304070629746, "gamma": 35.186586146108574, "maxDepth": 2.0818588688753357, "minChildWeight": 76.29916444773868, "numberEstimators": 106.22636116570918, "subsample": 0.6837494017631313}, "datetime": {"datetime": "2022-12-05 02:22:00", "elapsed": 44777.135444, "delta": 905.272892}}
{"target": 0.06403290660916924, "params": {"colsampleBylevel": 0.3819820986355286, "colsampleBytree": 0.050513577103360005, "gamma": 38.652940728999276, "maxDepth": 1.7857369708932647, "minChildWeight": 52.03077917662464, "numberEstimators": 103.01840386906295, "subsample": 0.7585760284904257}, "datetime": {"datetime": "2022-12-05 02:37:08", "elapsed": 45685.243707, "delta": 908.108263}}
{"target": 0.07446158686351897, "params": {"colsampleBylevel": 0.29500716129988624, "colsampleBytree": 0.7001177385653939, "gamma": 35.787297597860146, "maxDepth": 2.2664861660378066, "minChildWeight": 87.19908605446692, "numberEstimators": 113.94244399823953, "subsample": 0.697528367106262}, "datetime": {"datetime": "2022-12-05 02:52:44", "elapsed": 46621.376754, "delta": 936.133047}}
{"target": 0.05564512778620663, "params": {"colsampleBylevel": 0.1358825378773292, "colsampleBytree": 0.6180887580797052, "gamma": 38.10487243778756, "maxDepth": 7.439920071512896, "minChildWeight": 91.68110340033698, "numberEstimators": 109.5566251829767, "subsample": 0.22965416269251612}, "datetime": {"datetime": "2022-12-05 03:08:16", "elapsed": 47552.936828, "delta": 931.560074}}
{"target": 0.0611015108411445, "params": {"colsampleBylevel": 0.5763027653695367, "colsampleBytree": 0.21329679899691112, "gamma": 35.83644336528342, "maxDepth": 5.055944582827864, "minChildWeight": 92.11334835677923, "numberEstimators": 115.91679993172482, "subsample": 0.2230149905203261}, "datetime": {"datetime": "2022-12-05 03:23:41", "elapsed": 48478.043982, "delta": 925.107154}}
{"target": 0.06369590347965115, "params": {"colsampleBylevel": 0.5844505008622678, "colsampleBytree": 0.9871871315096191, "gamma": 37.99130672475092, "maxDepth": 1.4366963208061856, "minChildWeight": 42.430977203435994, "numberEstimators": 83.57455176679359, "subsample": 0.16427196247798348}, "datetime": {"datetime": "2022-12-05 03:38:33", "elapsed": 49370.115737, "delta": 892.071755}}
{"target": 0.06530552443611498, "params": {"colsampleBylevel": 0.6381484028861983, "colsampleBytree": 0.602557002825261, "gamma": 41.52993742757788, "maxDepth": 1.3104470050146977, "minChildWeight": 82.32943694807533, "numberEstimators": 107.7450232084941, "subsample": 0.4896379104078724}, "datetime": {"datetime": "2022-12-05 03:53:43", "elapsed": 50279.599218, "delta": 909.483481}}
{"target": 0.006045849314223322, "params": {"colsampleBylevel": 0.9536203936647573, "colsampleBytree": 0.3714688737164152, "gamma": 45.07355871352113, "maxDepth": 13.345832547858233, "minChildWeight": 85.17182482810432, "numberEstimators": 115.97060947446322, "subsample": 0.5701326762154463}, "datetime": {"datetime": "2022-12-05 04:09:06", "elapsed": 51203.459019, "delta": 923.859801}}
{"target": 0.023532993659484858, "params": {"colsampleBylevel": 0.6992667121574163, "colsampleBytree": 0.38609310701470256, "gamma": 30.655082614769185, "maxDepth": 0.7790887630820087, "minChildWeight": 30.976747006554817, "numberEstimators": 78.52646897216746, "subsample": 0.13213608793490245}, "datetime": {"datetime": "2022-12-05 04:24:47", "elapsed": 52143.655199, "delta": 940.19618}}
{"target": 0.03258416430989217, "params": {"colsampleBylevel": 0.10423510121535624, "colsampleBytree": 0.624445957001798, "gamma": 33.4847487853063, "maxDepth": 9.402075655331737, "minChildWeight": 81.64658719811759, "numberEstimators": 116.66365422742196, "subsample": 0.2798831918854684}, "datetime": {"datetime": "2022-12-05 04:40:38", "elapsed": 53095.426327, "delta": 951.771128}}
