{"target": 0.061605631598485186, "params": {"colsampleBylevel": 0.6185156555073824, "colsampleBytree": 0.014341131846465016, "gamma": 48.579613475509525, "maxDepth": 6.2164264951458215, "minChildWeight": 79.65337606336497, "numberEstimators": 101.3710742147974, "subsample": 0.19605187946360997}, "datetime": {"datetime": "2022-12-05 04:56:14", "elapsed": 54031.042395, "delta": 935.616068}}
{"target": 0.07429463799843163, "params": {"colsampleBylevel": 0.287991826850691, "colsampleBytree": 0.6372288380755996, "gamma": 36.55895385262867, "maxDepth": 2.688819430502243, "minChildWeight": 87.39906198742806, "numberEstimators": 108.32184295036367, "subsample": 0.15997116435828795}, "datetime": {"datetime": "2022-12-05 05:11:45", "elapsed": 54961.930453, "delta": 930.888058}}
{"target": 0.06378835112320558, "params": {"colsampleBylevel": 0.08277364515824742, "colsampleBytree": 0.015357665703488066, "gamma": 31.54290207290594, "maxDepth": 3.46012312432305, "minChildWeight": 78.65169099645257, "numberEstimators": 106.81396907244252, "subsample": 0.1377276442681931}, "datetime": {"datetime": "2022-12-05 05:27:14", "elapsed": 55890.748974, "delta": 928.818521}}
