{"target": 0.0007242730262563607, "params": {"colsampleBylevel": 0.5188039103349633, "colsampleBytree": 0.7754334015585038, "gamma": 43.52138428624063, "maxDepth": 0.4023474264908955, "minChildWeight": 30.97359255052041, "numberEstimators": 959.7235523975963, "subsample": 0.5179855451452082}, "datetime": {"datetime": "2022-12-02 07:28:33", "elapsed": 0.0, "delta": 0.0}}
{"target": 0.04635645316354377, "params": {"colsampleBylevel": 0.32510158062337763, "colsampleBytree": 0.5438079380513916, "gamma": 11.062747121387995, "maxDepth": 40.3240678962135, "minChildWeight": 34.22546256146843, "numberEstimators": 561.9444066137874, "subsample": 0.015815047695547747}, "datetime": {"datetime": "2022-12-02 07:59:13", "elapsed": 1840.550787, "delta": 1840.550787}}
{"target": 0.0008096146585715341, "params": {"colsampleBylevel": 0.6764209533987201, "colsampleBytree": 0.2179240195569508, "gamma": 46.62787964393559, "maxDepth": 18.712237474074605, "minChildWeight": 75.24189220859463, "numberEstimators": 774.9820517532459, "subsample": 0.8717944607190325}, "datetime": {"datetime": "2022-12-02 08:31:07", "elapsed": 3754.334709, "delta": 1913.783922}}
{"target": 0.002282689359499791, "params": {"colsampleBylevel": 0.11901006647403564, "colsampleBytree": 0.307091060589846, "gamma": 23.745288297523427, "maxDepth": 33.64683595832929, "minChildWeight": 25.75924329206177, "numberEstimators": 716.0937537382631, "subsample": 0.6604300587805199}, "datetime": {"datetime": "2022-12-02 09:02:53", "elapsed": 5660.143074, "delta": 1905.808365}}
{"target": 0.07202711349746, "params": {"colsampleBylevel": 0.19018768013477533, "colsampleBytree": 0.32884236290080976, "gamma": 44.376872846041415, "maxDepth": 4.167458052487838, "minChildWeight": 74.65641201404082, "numberEstimators": 109.23254653430259, "subsample": 0.7341663153070012}, "datetime": {"datetime": "2022-12-02 09:30:52", "elapsed": 7339.445799, "delta": 1679.302725}}
{"target": 0.002323289234869156, "params": {"colsampleBylevel": 0.7450862414436084, "colsampleBytree": 0.4138366553171447, "gamma": 49.56914994492406, "maxDepth": 22.60686493791959, "minChildWeight": 18.98785431279215, "numberEstimators": 384.04514849441347, "subsample": 0.7176635497610072}, "datetime": {"datetime": "2022-12-02 10:03:07", "elapsed": 9273.866639, "delta": 1934.42084}}
{"target": 0.0007961783439490446, "params": {"colsampleBylevel": 0.36386100961924794, "colsampleBytree": 0.06110236845512522, "gamma": 15.795950217598287, "maxDepth": 49.94023057824904, "minChildWeight": 28.790485661731413, "numberEstimators": 488.7060778450156, "subsample": 0.7379154298741335}, "datetime": {"datetime": "2022-12-02 10:41:38", "elapsed": 11585.088836, "delta": 2311.222197}}
{"target": 0.013966696376192345, "params": {"colsampleBylevel": 0.944242161237906, "colsampleBytree": 0.1836486162388883, "gamma": 10.621068795153338, "maxDepth": 6.623880647528085, "minChildWeight": 20.86811922474796, "numberEstimators": 995.903547316353, "subsample": 0.2541793735981396}, "datetime": {"datetime": "2022-12-02 11:27:19", "elapsed": 14326.024805, "delta": 2740.935969}}
{"target": 0.015482827169248852, "params": {"colsampleBylevel": 0.118952627024774, "colsampleBytree": 0.5072970358823554, "gamma": 22.806090761168136, "maxDepth": 36.72451144729409, "minChildWeight": 62.094354132229945, "numberEstimators": 640.0167153543731, "subsample": 0.15867090785407278}, "datetime": {"datetime": "2022-12-02 12:05:18", "elapsed": 16605.458702, "delta": 2279.433897}}
{"target": 0.0060444792128808685, "params": {"colsampleBylevel": 0.5428918005251637, "colsampleBytree": 0.12914377107658379, "gamma": 7.651276101069815, "maxDepth": 22.508927840701272, "minChildWeight": 42.907234720670886, "numberEstimators": 746.9789767963227, "subsample": 0.08283583456089198}, "datetime": {"datetime": "2022-12-02 12:46:43", "elapsed": 19090.390569, "delta": 2484.931867}}
{"target": 0.06296224343905106, "params": {"colsampleBylevel": 0.1601677136148304, "colsampleBytree": 0.04403784681112785, "gamma": 42.75225962142185, "maxDepth": 6.004834662585667, "minChildWeight": 77.43422830947299, "numberEstimators": 112.85762117176036, "subsample": 0.5559712033560456}, "datetime": {"datetime": "2022-12-02 13:17:06", "elapsed": 20912.851789, "delta": 1822.46122}}
{"target": 0.006282419876855905, "params": {"colsampleBylevel": 0.3113486050437205, "colsampleBytree": 0.8993090146023084, "gamma": 48.97307892070615, "maxDepth": 10.988088881783694, "minChildWeight": 59.74297084156053, "numberEstimators": 100.46234381521884, "subsample": 0.9818242452239135}, "datetime": {"datetime": "2022-12-02 13:47:37", "elapsed": 22744.176071, "delta": 1831.324282}}
{"target": 0.051418308150729675, "params": {"colsampleBylevel": 0.6968580670377328, "colsampleBytree": 0.36242346062592934, "gamma": 37.54367755446411, "maxDepth": 5.798055956607651, "minChildWeight": 72.2841166325597, "numberEstimators": 115.05934020756611, "subsample": 0.9097014028382406}, "datetime": {"datetime": "2022-12-02 14:18:23", "elapsed": 24590.55162, "delta": 1846.375549}}
{"target": 0.06878366888804857, "params": {"colsampleBylevel": 0.13269067722549396, "colsampleBytree": 1.0, "gamma": 50.0, "maxDepth": 0.0, "minChildWeight": 73.65131159527317, "numberEstimators": 114.65123690765274, "subsample": 0.01}, "datetime": {"datetime": "2022-12-02 14:47:17", "elapsed": 26324.552855, "delta": 1734.001235}}
{"target": 0.034487962473390824, "params": {"colsampleBylevel": 0.9775109474056083, "colsampleBytree": 0.3554643251028567, "gamma": 47.499067474661885, "maxDepth": 8.812816592492556, "minChildWeight": 79.91061117963623, "numberEstimators": 100.46909992756821, "subsample": 0.13796695013747154}, "datetime": {"datetime": "2022-12-02 15:17:08", "elapsed": 28115.360033, "delta": 1790.807178}}
{"target": 0.07336187531554855, "params": {"colsampleBylevel": 0.7236210761542146, "colsampleBytree": 0.19363018694403966, "gamma": 38.81867503953121, "maxDepth": 2.3065141369669973, "minChildWeight": 85.98158383044887, "numberEstimators": 106.36898800810448, "subsample": 0.28475689519917}, "datetime": {"datetime": "2022-12-02 15:45:59", "elapsed": 29845.973381, "delta": 1730.613348}}
{"target": 0.006200413290084887, "params": {"colsampleBylevel": 0.1433033924642689, "colsampleBytree": 0.9445275914385631, "gamma": 31.655564591072537, "maxDepth": 0.9962340897189947, "minChildWeight": 93.52129965890889, "numberEstimators": 99.12300211799385, "subsample": 0.3545240859970237}, "datetime": {"datetime": "2022-12-02 16:17:12", "elapsed": 31718.841784, "delta": 1872.868403}}
{"target": 0.02839036119577696, "params": {"colsampleBylevel": 0.6693934786721726, "colsampleBytree": 0.8440008814995158, "gamma": 44.14711626815799, "maxDepth": 7.780068529957718, "minChildWeight": 95.48332442309658, "numberEstimators": 114.33429245442483, "subsample": 0.45113573097910337}, "datetime": {"datetime": "2022-12-02 16:48:24", "elapsed": 33591.629088, "delta": 1872.787304}}
{"target": 0.06730519761274971, "params": {"colsampleBylevel": 0.6323793891951605, "colsampleBytree": 0.7393877427332454, "gamma": 34.19723061389449, "maxDepth": 4.926263494787625, "minChildWeight": 74.27456964276116, "numberEstimators": 102.68008780786573, "subsample": 0.19985228865848226}, "datetime": {"datetime": "2022-12-02 17:18:18", "elapsed": 35385.199952, "delta": 1793.570864}}
{"target": 0.082134642945174, "params": {"colsampleBylevel": 0.28485090050628303, "colsampleBytree": 0.4460727796005769, "gamma": 43.54293497100475, "maxDepth": 2.1812674085230634, "minChildWeight": 81.11109064729777, "numberEstimators": 109.57373473076254, "subsample": 0.720319876249641}, "datetime": {"datetime": "2022-12-02 17:47:11", "elapsed": 37118.044538, "delta": 1732.844586}}
{"target": 0.0020726228821560952, "params": {"colsampleBylevel": 0.9930273441834082, "colsampleBytree": 0.0527600660817104, "gamma": 22.99122819595045, "maxDepth": 21.561660306607568, "minChildWeight": 26.844146210559806, "numberEstimators": 558.0591745349896, "subsample": 0.16927851204744201}, "datetime": {"datetime": "2022-12-02 18:24:43", "elapsed": 39369.889847, "delta": 2251.845309}}
{"target": 0.06267364492961743, "params": {"colsampleBylevel": 0.29963358874236856, "colsampleBytree": 0.2549753949860809, "gamma": 15.558131304213157, "maxDepth": 1.393840830033577, "minChildWeight": 63.14394166199222, "numberEstimators": 104.74914216785729, "subsample": 0.22466112930391471}, "datetime": {"datetime": "2022-12-02 18:53:04", "elapsed": 41071.294736, "delta": 1701.404889}}
{"target": 0.06168637352370739, "params": {"colsampleBylevel": 0.15003751873545204, "colsampleBytree": 0.3594201530842577, "gamma": 10.038154899449886, "maxDepth": 5.090445223174811, "minChildWeight": 60.14907443810162, "numberEstimators": 88.5858254138906, "subsample": 0.049382826667509844}, "datetime": {"datetime": "2022-12-02 19:23:01", "elapsed": 42867.951038, "delta": 1796.656302}}
{"target": 0.015154997880379148, "params": {"colsampleBylevel": 0.15144233797493298, "colsampleBytree": 0.5431888389511972, "gamma": 11.382804417907888, "maxDepth": 8.5456863077236, "minChildWeight": 47.477619390207, "numberEstimators": 104.68576133702285, "subsample": 0.531657621395772}, "datetime": {"datetime": "2022-12-02 19:54:53", "elapsed": 44780.505768, "delta": 1912.55473}}
{"target": 0.07021771306214993, "params": {"colsampleBylevel": 0.7784801527315414, "colsampleBytree": 0.8461599642906779, "gamma": 18.083644859097713, "maxDepth": 3.420236690866446, "minChildWeight": 70.58936999989072, "numberEstimators": 89.08433913173452, "subsample": 0.594447063729458}, "datetime": {"datetime": "2022-12-02 20:23:57", "elapsed": 46523.937223, "delta": 1743.431455}}
{"target": 0.03924976281731011, "params": {"colsampleBylevel": 1.0, "colsampleBytree": 0.01, "gamma": 4.722752933641264, "maxDepth": 0.0, "minChildWeight": 73.72715177541512, "numberEstimators": 96.31463893045523, "subsample": 0.11585513620175761}, "datetime": {"datetime": "2022-12-02 20:58:55", "elapsed": 48622.15775, "delta": 2098.220527}}
{"target": 0.07111003088897186, "params": {"colsampleBylevel": 0.46094771289161435, "colsampleBytree": 0.2958213872185814, "gamma": 20.839623470653006, "maxDepth": 3.4293093121183835, "minChildWeight": 57.18910926236232, "numberEstimators": 78.21362051218821, "subsample": 0.3986688593499908}, "datetime": {"datetime": "2022-12-02 21:27:41", "elapsed": 50348.140501, "delta": 1725.982751}}
{"target": 0.0005691197535134356, "params": {"colsampleBylevel": 0.6772981649158694, "colsampleBytree": 0.43941138032289484, "gamma": 16.29507794659501, "maxDepth": 13.742931650245481, "minChildWeight": 67.72056281749984, "numberEstimators": 74.4194500653533, "subsample": 0.8507449938192508}, "datetime": {"datetime": "2022-12-02 21:58:36", "elapsed": 52203.275471, "delta": 1855.13497}}
{"target": 0.055833929903940385, "params": {"colsampleBylevel": 0.1591562699220168, "colsampleBytree": 0.01, "gamma": 24.34202577348199, "maxDepth": 0.0, "minChildWeight": 60.26284221669241, "numberEstimators": 90.79741529010374, "subsample": 0.01}, "datetime": {"datetime": "2022-12-02 22:27:51", "elapsed": 53957.866989, "delta": 1754.591518}}
{"target": 0.0014181619865982463, "params": {"colsampleBylevel": 1.0, "colsampleBytree": 1.0, "gamma": 19.789863082778435, "maxDepth": 10.63739604150503, "minChildWeight": 70.83545698083913, "numberEstimators": 100.32441249765229, "subsample": 1.0}, "datetime": {"datetime": "2022-12-02 22:59:14", "elapsed": 55841.006226, "delta": 1883.139237}}
{"target": 0.0785069648536743, "params": {"colsampleBylevel": 0.6204511340927406, "colsampleBytree": 0.8886891991842809, "gamma": 17.049896577127832, "maxDepth": 4.477387060187149, "minChildWeight": 46.60206605219378, "numberEstimators": 82.6556380992583, "subsample": 0.3705259519823791}, "datetime": {"datetime": "2022-12-02 23:28:36", "elapsed": 57603.237496, "delta": 1762.23127}}
{"target": 0.07540148347594944, "params": {"colsampleBylevel": 0.3129522828214147, "colsampleBytree": 0.8107051076216463, "gamma": 10.095725465809846, "maxDepth": 4.869980665160489, "minChildWeight": 54.8825202206911, "numberEstimators": 78.77814902896262, "subsample": 0.7744377302377323}, "datetime": {"datetime": "2022-12-02 23:57:51", "elapsed": 59358.134981, "delta": 1754.897485}}
{"target": 0.03905271450715519, "params": {"colsampleBylevel": 0.029973252899468505, "colsampleBytree": 0.48885413334300915, "gamma": 6.063160295735065, "maxDepth": 10.404627099928277, "minChildWeight": 43.34638930349769, "numberEstimators": 74.88649379079824, "subsample": 0.16225229648944928}, "datetime": {"datetime": "2022-12-03 00:28:57", "elapsed": 61224.785856, "delta": 1866.650875}}
{"target": 0.004489110781328625, "params": {"colsampleBylevel": 0.21678890293427816, "colsampleBytree": 0.5213077702744114, "gamma": 26.46045820374866, "maxDepth": 0.45133561801053435, "minChildWeight": 47.36126859159814, "numberEstimators": 83.07794440274606, "subsample": 0.3464639274756354}, "datetime": {"datetime": "2022-12-03 01:00:20", "elapsed": 63107.655318, "delta": 1882.869462}}
{"target": 0.06071184607844782, "params": {"colsampleBylevel": 0.2419297453042597, "colsampleBytree": 0.47975025562303375, "gamma": 10.093848728647897, "maxDepth": 1.3852242614380783, "minChildWeight": 71.0625383017335, "numberEstimators": 83.80043993624358, "subsample": 0.5891665840092474}, "datetime": {"datetime": "2022-12-03 01:28:33", "elapsed": 64800.50282, "delta": 1692.847502}}
{"target": 0.005999611033953222, "params": {"colsampleBylevel": 0.025196483240530154, "colsampleBytree": 0.8729528954373783, "gamma": 8.321639731315212, "maxDepth": 13.836721790354423, "minChildWeight": 54.52628504383388, "numberEstimators": 86.77738702429372, "subsample": 0.4519608891622668}, "datetime": {"datetime": "2022-12-03 02:01:05", "elapsed": 66752.453777, "delta": 1951.950957}}
{"target": 0.01136727078430944, "params": {"colsampleBylevel": 0.20728992015783862, "colsampleBytree": 0.26197152824209585, "gamma": 18.825700608104928, "maxDepth": 9.54945964750588, "minChildWeight": 51.48155887421856, "numberEstimators": 78.31536859891867, "subsample": 0.4758479125236053}, "datetime": {"datetime": "2022-12-03 02:32:16", "elapsed": 68623.044229, "delta": 1870.590452}}
{"target": 0.0006708415877686125, "params": {"colsampleBylevel": 0.7836669770459294, "colsampleBytree": 0.8812341873000848, "gamma": 14.356046336615437, "maxDepth": 0.4091896290938593, "minChildWeight": 54.00801311516151, "numberEstimators": 82.62309723673233, "subsample": 0.38154595158311505}, "datetime": {"datetime": "2022-12-03 03:04:10", "elapsed": 70537.251408, "delta": 1914.207179}}
{"target": 0.08377879334057466, "params": {"colsampleBylevel": 0.033556594367078856, "colsampleBytree": 0.6767748652213844, "gamma": 9.636152945137205, "maxDepth": 4.6830800828451205, "minChildWeight": 53.28717101147693, "numberEstimators": 72.7397914687632, "subsample": 0.5411995826190348}, "datetime": {"datetime": "2022-12-03 03:33:24", "elapsed": 72291.170801, "delta": 1753.919393}}
{"target": 0.06815566967416228, "params": {"colsampleBylevel": 0.06615056469826475, "colsampleBytree": 0.5091593135415631, "gamma": 14.610204848729824, "maxDepth": 2.8343205715510686, "minChildWeight": 73.61784248451482, "numberEstimators": 84.93038510164428, "subsample": 0.8986518357511933}, "datetime": {"datetime": "2022-12-03 04:02:07", "elapsed": 74013.81295, "delta": 1722.642149}}
{"target": 0.06892170167268868, "params": {"colsampleBylevel": 0.47912861392834183, "colsampleBytree": 0.3887502020751208, "gamma": 41.94907422075414, "maxDepth": 4.146009644896314, "minChildWeight": 84.40112420397062, "numberEstimators": 103.0348385763995, "subsample": 0.6519208623184894}, "datetime": {"datetime": "2022-12-03 04:32:06", "elapsed": 75812.83212, "delta": 1799.01917}}
{"target": 0.05974448026808195, "params": {"colsampleBylevel": 0.300306436161772, "colsampleBytree": 0.5744648049556073, "gamma": 12.363333911590162, "maxDepth": 5.6886912211249365, "minChildWeight": 56.70202562360329, "numberEstimators": 72.88706641412699, "subsample": 0.28266808036688146}, "datetime": {"datetime": "2022-12-03 05:01:31", "elapsed": 77577.989852, "delta": 1765.157732}}
{"target": 0.07730249673380843, "params": {"colsampleBylevel": 0.60360633314224, "colsampleBytree": 0.1385321854951033, "gamma": 13.963282896526035, "maxDepth": 3.0093450063890526, "minChildWeight": 66.80071102940202, "numberEstimators": 86.63096525115051, "subsample": 0.6695424946820293}, "datetime": {"datetime": "2022-12-03 05:30:33", "elapsed": 79320.018404, "delta": 1742.028552}}
{"target": 0.06825148644005447, "params": {"colsampleBylevel": 0.4979582029747367, "colsampleBytree": 0.4936468521078882, "gamma": 3.1303760677643897, "maxDepth": 5.905956336078072, "minChildWeight": 51.687430712013615, "numberEstimators": 70.045906864262, "subsample": 0.10005631795853262}, "datetime": {"datetime": "2022-12-03 05:59:53", "elapsed": 81080.248266, "delta": 1760.229862}}
{"target": 0.044198187919857974, "params": {"colsampleBylevel": 0.4639165416959163, "colsampleBytree": 0.4896243456308202, "gamma": 10.141033414448858, "maxDepth": 6.0535834534789394, "minChildWeight": 47.33584710837494, "numberEstimators": 78.33213579736007, "subsample": 0.7007902509698143}, "datetime": {"datetime": "2022-12-03 06:30:06", "elapsed": 82892.865893, "delta": 1812.617627}}
{"target": 0.06629208434275206, "params": {"colsampleBylevel": 0.7058335755972314, "colsampleBytree": 0.2691854906787837, "gamma": 40.31177009075186, "maxDepth": 5.091508427142255, "minChildWeight": 78.656841546877, "numberEstimators": 102.8886699521866, "subsample": 0.7217438630671035}, "datetime": {"datetime": "2022-12-03 07:00:36", "elapsed": 84723.428183, "delta": 1830.56229}}
{"target": 0.08180893397202124, "params": {"colsampleBylevel": 0.09623093493258433, "colsampleBytree": 1.0, "gamma": 38.657675018493144, "maxDepth": 0.8255057983377297, "minChildWeight": 78.82237257736227, "numberEstimators": 107.95059674662328, "subsample": 0.01}, "datetime": {"datetime": "2022-12-03 07:29:57", "elapsed": 86483.964609, "delta": 1760.536426}}
{"target": 0.004126994674320459, "params": {"colsampleBylevel": 0.9855460533658837, "colsampleBytree": 0.9152308083278688, "gamma": 36.86792147546563, "maxDepth": 8.576608717006085, "minChildWeight": 76.23900085627055, "numberEstimators": 107.28978689476978, "subsample": 0.9521756548344793}, "datetime": {"datetime": "2022-12-03 08:01:19", "elapsed": 88366.727893, "delta": 1882.763284}}
{"target": 0.06394477765374444, "params": {"colsampleBylevel": 0.19995457983010445, "colsampleBytree": 0.5260275056414291, "gamma": 46.215389380401824, "maxDepth": 1.9404898718092922, "minChildWeight": 80.14535923152108, "numberEstimators": 107.21082497380138, "subsample": 0.5735832178599884}, "datetime": {"datetime": "2022-12-03 08:29:51", "elapsed": 90078.676198, "delta": 1711.948305}}
{"target": 0.07441926777752321, "params": {"colsampleBylevel": 0.9624105636595046, "colsampleBytree": 0.2367344860942876, "gamma": 49.490464557316436, "maxDepth": 5.48791362911375, "minChildWeight": 76.77855555376122, "numberEstimators": 115.39038291725895, "subsample": 0.7091186549004669}, "datetime": {"datetime": "2022-12-03 09:00:43", "elapsed": 91930.346596, "delta": 1851.670398}}
{"target": 0.07582598912447315, "params": {"colsampleBylevel": 0.24322415644595816, "colsampleBytree": 0.7116786819717322, "gamma": 41.00286952849631, "maxDepth": 2.995691612988022, "minChildWeight": 74.19717589321122, "numberEstimators": 98.461429370608, "subsample": 0.4004648479278381}, "datetime": {"datetime": "2022-12-03 09:29:31", "elapsed": 93658.411496, "delta": 1728.0649}}
{"target": 0.06400272098921789, "params": {"colsampleBylevel": 0.7989914135622705, "colsampleBytree": 0.35210989838047474, "gamma": 40.0923861536705, "maxDepth": 1.1693238330329647, "minChildWeight": 79.84563262039221, "numberEstimators": 113.34862565855286, "subsample": 0.738264196035159}, "datetime": {"datetime": "2022-12-03 09:58:10", "elapsed": 95377.094686, "delta": 1718.68319}}
{"target": 0.06167578435507577, "params": {"colsampleBylevel": 0.8394126639052423, "colsampleBytree": 0.22976368475305972, "gamma": 4.2827094318852845, "maxDepth": 6.56016304462792, "minChildWeight": 56.567135467295635, "numberEstimators": 78.45456775900035, "subsample": 0.05626721608810367}, "datetime": {"datetime": "2022-12-03 10:28:16", "elapsed": 97183.780195, "delta": 1806.685509}}
{"target": 0.04150518639018461, "params": {"colsampleBylevel": 0.9636841855591626, "colsampleBytree": 0.41635061208981156, "gamma": 7.554300778628176, "maxDepth": 7.974996567009773, "minChildWeight": 55.85833035951839, "numberEstimators": 68.52732932080886, "subsample": 0.25328442808267343}, "datetime": {"datetime": "2022-12-03 10:58:17", "elapsed": 98984.781862, "delta": 1801.001667}}
{"target": 0.07096137455418448, "params": {"colsampleBylevel": 0.583866119584615, "colsampleBytree": 0.21085227929783207, "gamma": 11.306551217957528, "maxDepth": 4.55808718335402, "minChildWeight": 62.54524823151735, "numberEstimators": 82.78064606283925, "subsample": 0.2656114177432443}, "datetime": {"datetime": "2022-12-03 11:27:48", "elapsed": 100754.917605, "delta": 1770.135743}}
{"target": 0.06879489279944888, "params": {"colsampleBylevel": 0.281165803343559, "colsampleBytree": 0.35592162539488253, "gamma": 40.13992930180139, "maxDepth": 2.1637369798783777, "minChildWeight": 67.04049491508553, "numberEstimators": 103.28997833571096, "subsample": 0.05583133207631303}, "datetime": {"datetime": "2022-12-03 11:56:42", "elapsed": 102489.03187, "delta": 1734.114265}}
{"target": 0.00038214770931339475, "params": {"colsampleBylevel": 0.5188280377291382, "colsampleBytree": 0.5370497709438846, "gamma": 26.625524085448944, "maxDepth": 0.5874437944861477, "minChildWeight": 62.42755202302981, "numberEstimators": 77.5221859672043, "subsample": 0.9378097706748192}, "datetime": {"datetime": "2022-12-03 12:28:27", "elapsed": 104394.023387, "delta": 1904.991517}}
