{"target": 0.04184726200407838, "params": {"colsampleBylevel": 0.22282901040458497, "colsampleBytree": 0.5196198134284487, "gamma": 13.385155295988655, "maxDepth": 7.671039948126546, "minChildWeight": 40.59118842697617, "numberEstimators": 82.60222397741971, "subsample": 0.06516716298446025}, "datetime": {"datetime": "2022-12-03 12:58:47", "elapsed": 106214.562556, "delta": 1820.539169}}
{"target": 0.0, "params": {"colsampleBylevel": 0.9044429746641163, "colsampleBytree": 0.5728526905475962, "gamma": 33.98787856916803, "maxDepth": 0.7487561457638847, "minChildWeight": 74.22237838867403, "numberEstimators": 94.68711247803574, "subsample": 0.734567292259378}, "datetime": {"datetime": "2022-12-03 13:30:06", "elapsed": 108093.024207, "delta": 1878.461651}}
{"target": 0.0680000515427281, "params": {"colsampleBylevel": 0.5556597621600053, "colsampleBytree": 0.4874678175478982, "gamma": 8.938695961645864, "maxDepth": 2.791831246074905, "minChildWeight": 49.29000906082756, "numberEstimators": 68.30758174482185, "subsample": 0.43633149141330474}, "datetime": {"datetime": "2022-12-03 13:58:25", "elapsed": 109792.001423, "delta": 1698.977216}}
