{"target": 0.6312657113170749, "params": {"colsampleBylevel": 0.013459741609956694, "colsampleBytree": 0.3348846131855165, "gamma": 0.3684143203265846, "learningRate": 0.8392163820637002, "maxDeltaStep": 14.352940443508093, "maxDepth": 19.744752404184272, "minChildWeight": 5.5184020843394945, "numberEstimators": 239.37508702667807, "regAlpha": 0.3124191807240252, "regLambda": 427.8383574412556, "scalePosWeight": 1068.278501941108, "subsample": 0.08525618763073377}, "datetime": {"datetime": "2022-11-27 11:10:47", "elapsed": 82002.181945, "delta": 980.151058}}
{"target": 0.1534167401304441, "params": {"colsampleBylevel": 0.9414253081049264, "colsampleBytree": 0.3413702736323227, "gamma": 0.4957307962828031, "learningRate": 0.5695007818766422, "maxDeltaStep": 17.75654211302464, "maxDepth": 26.129576133412623, "minChildWeight": 0.7595142719935288, "numberEstimators": 355.23549948552244, "regAlpha": 0.7779547731466945, "regLambda": 562.4769362554063, "scalePosWeight": 520.2002371015918, "subsample": 0.9378289852594344}, "datetime": {"datetime": "2022-11-27 12:29:50", "elapsed": 86744.674977, "delta": 4742.493032}}
{"target": 0.295544872494487, "params": {"colsampleBylevel": 0.03554651388039985, "colsampleBytree": 0.8142107775355176, "gamma": 0.42525265199577317, "learningRate": 0.11445217050325393, "maxDeltaStep": 5.997322194437674, "maxDepth": 39.25738042740046, "minChildWeight": 5.534541205743987, "numberEstimators": 294.0845241700742, "regAlpha": 0.6070439027280162, "regLambda": 201.56853342751407, "scalePosWeight": 918.7372462383391, "subsample": 0.3000995918025127}, "datetime": {"datetime": "2022-11-27 12:58:42", "elapsed": 88477.278862, "delta": 1732.603885}}
{"target": 0.5780243041887971, "params": {"colsampleBylevel": 0.3364295950748901, "colsampleBytree": 0.31301952127681504, "gamma": 0.0970011258731738, "learningRate": 0.05634698517808039, "maxDeltaStep": 16.54887282525233, "maxDepth": 17.36614055151877, "minChildWeight": 0.9018408177910753, "numberEstimators": 128.19047484587833, "regAlpha": 0.6475209346197732, "regLambda": 149.62302229050633, "scalePosWeight": 1204.6408567009196, "subsample": 0.2118472612289481}, "datetime": {"datetime": "2022-11-27 13:16:42", "elapsed": 89556.859618, "delta": 1079.580756}}
{"target": 0.5496689808859865, "params": {"colsampleBylevel": 0.2924382170982865, "colsampleBytree": 0.082580718168405, "gamma": 0.4178202659465603, "learningRate": 0.19510564972147398, "maxDeltaStep": 16.627572808889237, "maxDepth": 21.32091927212028, "minChildWeight": 7.172598464230707, "numberEstimators": 160.26297070005694, "regAlpha": 0.2193131521391376, "regLambda": 471.9850026993193, "scalePosWeight": 1057.8583495214116, "subsample": 0.16601546504924292}, "datetime": {"datetime": "2022-11-27 13:32:21", "elapsed": 90496.0876, "delta": 939.227982}}
{"target": 0.16342932159575455, "params": {"colsampleBylevel": 0.21854020814543296, "colsampleBytree": 0.11795427603694544, "gamma": 0.3713660037363624, "learningRate": 0.9195967538663516, "maxDeltaStep": 1.1991829055714964, "maxDepth": 42.77991105609382, "minChildWeight": 7.630317501309939, "numberEstimators": 337.9004812267831, "regAlpha": 0.2683622556267838, "regLambda": 385.672773232001, "scalePosWeight": 1349.2094712889432, "subsample": 0.4387804300830498}, "datetime": {"datetime": "2022-11-27 14:04:37", "elapsed": 92432.030236, "delta": 1935.942636}}
{"target": 0.15357084308446575, "params": {"colsampleBylevel": 0.8476665929226167, "colsampleBytree": 0.5422365237767027, "gamma": 0.3231229388297999, "learningRate": 0.7791868259104368, "maxDeltaStep": 2.3744823736797227, "maxDepth": 21.464483413645297, "minChildWeight": 9.230049466079608, "numberEstimators": 392.20437331698724, "regAlpha": 0.7974130237295195, "regLambda": 400.8400329552697, "scalePosWeight": 126.44044693656987, "subsample": 0.5739378451436755}, "datetime": {"datetime": "2022-11-27 15:10:28", "elapsed": 96383.404827, "delta": 3951.374591}}
{"target": 0.15645461181635228, "params": {"colsampleBylevel": 0.469476206405803, "colsampleBytree": 0.840012111089716, "gamma": 0.3474735849059228, "learningRate": 0.4052778710132133, "maxDeltaStep": 13.764463683223445, "maxDepth": 9.786600430769065, "minChildWeight": 7.951696445844684, "numberEstimators": 280.3208269723011, "regAlpha": 0.19355505159373992, "regLambda": 573.4758279351283, "scalePosWeight": 1512.5531717500244, "subsample": 0.7266783145371075}, "datetime": {"datetime": "2022-11-27 15:46:07", "elapsed": 98522.399548, "delta": 2138.994721}}
{"target": 0.4781509989336553, "params": {"colsampleBylevel": 0.5159949624414026, "colsampleBytree": 0.5744169093663499, "gamma": 0.16082788705535495, "learningRate": 0.7531008156353438, "maxDeltaStep": 18.124456898569797, "maxDepth": 3.9183991972065177, "minChildWeight": 8.753732128948462, "numberEstimators": 185.05567530510297, "regAlpha": 0.559191611324781, "regLambda": 161.29332867614426, "scalePosWeight": 1114.58028042469, "subsample": 0.7739661130245472}, "datetime": {"datetime": "2022-11-27 16:01:11", "elapsed": 99425.855175, "delta": 903.455627}}
{"target": 0.16198598426018979, "params": {"colsampleBylevel": 0.5176474654144233, "colsampleBytree": 0.49296450780721335, "gamma": 0.47135155977140775, "learningRate": 0.4683284836063009, "maxDeltaStep": 13.514117578587708, "maxDepth": 8.961661891422732, "minChildWeight": 4.296449001990559, "numberEstimators": 235.61318426317834, "regAlpha": 0.06342914157017414, "regLambda": 402.38539621464486, "scalePosWeight": 1979.0325260255963, "subsample": 0.9105818070610411}, "datetime": {"datetime": "2022-11-27 16:28:52", "elapsed": 101087.018782, "delta": 1661.163607}}
{"target": 0.6523286388423128, "params": {"colsampleBylevel": 0.13788187037245364, "colsampleBytree": 0.16737168556039453, "gamma": 0.08977911713342417, "learningRate": 0.3810505639413661, "maxDeltaStep": 2.5231144262685623, "maxDepth": 32.219081010364306, "minChildWeight": 2.0243550854862358, "numberEstimators": 369.73167799498583, "regAlpha": 0.2008592506046527, "regLambda": 941.0993779967149, "scalePosWeight": 330.82665947615556, "subsample": 0.21765194572539173}, "datetime": {"datetime": "2022-11-27 16:55:26", "elapsed": 102680.708538, "delta": 1593.689756}}
{"target": 0.15686094188550145, "params": {"colsampleBylevel": 0.7679501864322179, "colsampleBytree": 0.16709445728964495, "gamma": 0.10846805800637942, "learningRate": 0.17173696463784813, "maxDeltaStep": 8.600898543456324, "maxDepth": 19.98009047760256, "minChildWeight": 4.69756875389249, "numberEstimators": 253.8599912296115, "regAlpha": 0.7407192919106621, "regLambda": 954.1207342919172, "scalePosWeight": 1434.9669313029037, "subsample": 0.5705797184706165}, "datetime": {"datetime": "2022-11-27 17:41:14", "elapsed": 105428.86027, "delta": 2748.151732}}
{"target": 0.3175676084275961, "params": {"colsampleBylevel": 0.9596428912737647, "colsampleBytree": 0.2080291051233149, "gamma": 0.2057086463630152, "learningRate": 0.7935432726824598, "maxDeltaStep": 2.9638357189131015, "maxDepth": 7.288073814031368, "minChildWeight": 6.144219228669169, "numberEstimators": 62.049780529439445, "regAlpha": 0.9076946736992256, "regLambda": 369.87887535431133, "scalePosWeight": 921.5891892722934, "subsample": 0.20398022137332966}, "datetime": {"datetime": "2022-11-27 17:47:31", "elapsed": 105805.795502, "delta": 376.935232}}
{"target": 0.31367189161345077, "params": {"colsampleBylevel": 0.017469022330364906, "colsampleBytree": 0.07491708546114668, "gamma": 0.3500962229431264, "learningRate": 0.1843837345233458, "maxDeltaStep": 11.017750125454526, "maxDepth": 39.50728551958768, "minChildWeight": 4.161712033341819, "numberEstimators": 164.480793575147, "regAlpha": 0.9507163611881861, "regLambda": 610.5547449192215, "scalePosWeight": 2.600155645897795, "subsample": 0.9683709149555462}, "datetime": {"datetime": "2022-11-27 18:00:51", "elapsed": 106605.523877, "delta": 799.728375}}
{"target": 0.1536539605098751, "params": {"colsampleBylevel": 0.8400871529682552, "colsampleBytree": 0.8778047667035791, "gamma": 0.45005475033570075, "learningRate": 0.24317908675218863, "maxDeltaStep": 7.048336284573599, "maxDepth": 35.55424473594694, "minChildWeight": 8.851078269769522, "numberEstimators": 209.50981005457464, "regAlpha": 0.456926921833135, "regLambda": 246.07268865461515, "scalePosWeight": 384.8703477964565, "subsample": 0.5171480014045079}, "datetime": {"datetime": "2022-11-27 19:02:06", "elapsed": 110280.983675, "delta": 3675.459798}}
{"target": 0.5956510479537304, "params": {"colsampleBylevel": 0.22769644363806313, "colsampleBytree": 0.36988302244720705, "gamma": 0.11814698267884581, "learningRate": 0.4038430466912849, "maxDeltaStep": 19.457208331764612, "maxDepth": 3.5035470969471545, "minChildWeight": 1.8024035290949703, "numberEstimators": 392.38785786539677, "regAlpha": 0.6215117775911604, "regLambda": 748.4595713367667, "scalePosWeight": 1091.3323876625116, "subsample": 0.9950169458693274}, "datetime": {"datetime": "2022-11-27 19:32:20", "elapsed": 112094.66663, "delta": 1813.682955}}
{"target": 0.15510744499386894, "params": {"colsampleBylevel": 0.9097706399170938, "colsampleBytree": 0.14576736353563172, "gamma": 0.46929475994605985, "learningRate": 0.32043279609082786, "maxDeltaStep": 5.979593484973799, "maxDepth": 11.2119472284957, "minChildWeight": 2.332655557857144, "numberEstimators": 185.46072367888044, "regAlpha": 0.5093685568250396, "regLambda": 337.61369938084584, "scalePosWeight": 1755.5274277656565, "subsample": 0.7594745406204352}, "datetime": {"datetime": "2022-11-27 19:56:49", "elapsed": 113564.388613, "delta": 1469.721983}}
{"target": 0.15334682842288122, "params": {"colsampleBylevel": 0.262116458648141, "colsampleBytree": 0.684091597381757, "gamma": 0.37949666108096664, "learningRate": 0.7892695629720969, "maxDeltaStep": 1.4246341618407499, "maxDepth": 25.13239312199678, "minChildWeight": 6.679315469810318, "numberEstimators": 394.5944997156327, "regAlpha": 0.13411960889704935, "regLambda": 26.156333519419217, "scalePosWeight": 210.8248013039849, "subsample": 0.787105511730236}, "datetime": {"datetime": "2022-11-27 20:51:51", "elapsed": 116866.094425, "delta": 3301.705812}}
{"target": 0.15326525378694628, "params": {"colsampleBylevel": 0.25630226361087727, "colsampleBytree": 0.7410279910692714, "gamma": 0.30068811380272953, "learningRate": 0.6852429823808719, "maxDeltaStep": 18.742900301229295, "maxDepth": 28.409485019244546, "minChildWeight": 0.28158107536648824, "numberEstimators": 132.7540958572755, "regAlpha": 0.25803050752091744, "regLambda": 436.84238711271513, "scalePosWeight": 1216.0857209046642, "subsample": 0.5440965036576731}, "datetime": {"datetime": "2022-11-27 21:21:00", "elapsed": 118615.134744, "delta": 1749.040319}}
{"target": 0.15384272097908355, "params": {"colsampleBylevel": 0.8792065108018474, "colsampleBytree": 0.038683657876470566, "gamma": 0.18122657034310385, "learningRate": 0.3749825183294776, "maxDeltaStep": 12.634800639280552, "maxDepth": 25.6376724486243, "minChildWeight": 5.247584089937863, "numberEstimators": 221.4543535635876, "regAlpha": 0.2988725577271092, "regLambda": 100.69432602705356, "scalePosWeight": 1072.8944550269987, "subsample": 0.30693841925128745}, "datetime": {"datetime": "2022-11-27 21:47:59", "elapsed": 120233.827688, "delta": 1618.692944}}
{"target": 0.3122393764587252, "params": {"colsampleBylevel": 0.3960975702315388, "colsampleBytree": 0.019960035251872663, "gamma": 0.4746477735949776, "learningRate": 0.745550369345166, "maxDeltaStep": 4.473142950484141, "maxDepth": 29.43935474298088, "minChildWeight": 4.310155246508383, "numberEstimators": 373.32030815294917, "regAlpha": 0.4185259252868976, "regLambda": 230.07892252296867, "scalePosWeight": 1553.3968654368648, "subsample": 0.073193221344536}, "datetime": {"datetime": "2022-11-27 22:39:42", "elapsed": 123336.432918, "delta": 3102.60523}}
