{"target": 0.6592408743175341, "params": {"colsampleBylevel": 0.5188039103349633, "colsampleBytree": 0.7754334015585038, "gamma": 0.43521384299197863, "learningRate": 0.01796647904451973, "maxDeltaStep": 6.1947185101040825, "maxDepth": 47.92258322892866, "minChildWeight": 5.131167122678871, "numberEstimators": 161.3995487052345, "regAlpha": 0.5391999378864482, "regLambda": 221.25494242853864, "scalePosWeight": 1612.9627160420587, "subsample": 0.3488320793585375}, "datetime": {"datetime": "2022-11-26 12:24:05", "elapsed": 0.0, "delta": 0.0}}
{"target": 0.3300212794721627, "params": {"colsampleBylevel": 0.5434999605764732, "colsampleBytree": 0.015815047695547747, "gamma": 0.33657623941711023, "learningRate": 0.2179240195569508, "maxDeltaStep": 18.651151857574238, "maxDepth": 19.337992724593114, "minChildWeight": 7.524189220859464, "numberEstimators": 317.0986506459327, "regAlpha": 0.8704994554012506, "regLambda": 110.11117825749156, "scalePosWeight": 600.1839614874756, "subsample": 0.48015670829096385}, "datetime": {"datetime": "2022-11-26 12:56:01", "elapsed": 1916.346101, "delta": 1916.346101}}
{"target": 0.15437222141464532, "params": {"colsampleBylevel": 0.67620735197492, "colsampleBytree": 0.26501650859141157, "gamma": 0.35057566016109243, "learningRate": 0.6604300587805199, "maxDeltaStep": 3.640155154237885, "maxDepth": 16.781086648625937, "minChildWeight": 8.875374569208283, "numberEstimators": 79.17220636741487, "regAlpha": 0.746564120393844, "regLambda": 62.35004898441405, "scalePosWeight": 1462.9622534139758, "subsample": 0.7450862414436084}, "datetime": {"datetime": "2022-11-26 13:09:50", "elapsed": 2744.529576, "delta": 828.183475}}
{"target": 0.2602004307892855, "params": {"colsampleBylevel": 0.4138366553171447, "colsampleBytree": 0.9914691689094963, "gamma": 0.2260686499270586, "learningRate": 0.1979797576966423, "maxDeltaStep": 7.032529441987652, "maxDepth": 36.02577165483773, "minChildWeight": 3.5743536325176564, "numberEstimators": 68.06649389827659, "regAlpha": 0.31591900503604675, "regLambda": 998.8046115649821, "scalePosWeight": 575.8097139467234, "subsample": 0.4671779127016479}, "datetime": {"datetime": "2022-11-26 13:28:42", "elapsed": 3876.813647, "delta": 1132.284071}}
{"target": 0.17303837491875834, "params": {"colsampleBylevel": 0.7379154298741335, "colsampleBytree": 0.944242161237906, "gamma": 0.08770132215736921, "learningRate": 0.2202971621440361, "maxDeltaStep": 2.649552259011234, "maxDepth": 11.2253784201265, "minChildWeight": 9.956879445435295, "numberEstimators": 136.32604117105944, "regAlpha": 0.11005315950082967, "regLambda": 502.3202382655032, "scalePosWeight": 912.2436309906035, "subsample": 0.737145326656423}, "datetime": {"datetime": "2022-11-26 13:53:03", "elapsed": 5338.039328, "delta": 1461.225681}}
{"target": 0.1635105561731791, "params": {"colsampleBylevel": 0.6247341059090764, "colsampleBytree": 0.6248595244219257, "gamma": 0.07508631794784391, "learningRate": 0.5428918005251637, "maxDeltaStep": 2.4069448702340157, "maxDepth": 8.498250579048419, "minChildWeight": 4.501785568140254, "numberEstimators": 200.1753215223481, "regAlpha": 0.7336620811045724, "regLambda": 73.5715500624335, "scalePosWeight": 557.5716602470974, "subsample": 0.17364083683519674}, "datetime": {"datetime": "2022-11-26 14:13:25", "elapsed": 6559.823403, "delta": 1221.784075}}
{"target": 0.15330563550789444, "params": {"colsampleBylevel": 0.5130072570759825, "colsampleBytree": 0.5834586410556991, "gamma": 0.31930396447514003, "learningRate": 0.22188544729612664, "maxDeltaStep": 8.351552968458606, "maxDepth": 23.87389484936564, "minChildWeight": 0.8306921561721969, "numberEstimators": 249.59551781793536, "regAlpha": 0.2285175634362513, "regLambda": 35.72971978242982, "scalePosWeight": 1929.058556475485, "subsample": 0.08391334709220359}, "datetime": {"datetime": "2022-11-26 14:53:58", "elapsed": 8992.874385, "delta": 2433.050982}}
{"target": 0.1530990331735625, "params": {"colsampleBylevel": 0.7331754384449242, "colsampleBytree": 0.5076036243745154, "gamma": 0.04630541830040219, "learningRate": 0.5287098608157452, "maxDeltaStep": 8.684359229589669, "maxDepth": 27.852803928518895, "minChildWeight": 9.3500696830084, "numberEstimators": 398.2676060349272, "regAlpha": 0.6623180741182783, "regLambda": 354.1302720767299, "scalePosWeight": 878.314028625516, "subsample": 0.7777607177673054}, "datetime": {"datetime": "2022-11-26 16:09:30", "elapsed": 13525.25758, "delta": 4532.383195}}
{"target": 0.15372109968546255, "params": {"colsampleBylevel": 0.6324037126140827, "colsampleBytree": 0.10701101193418625, "gamma": 0.32579303038480506, "learningRate": 0.9689298482678392, "maxDeltaStep": 4.739039341260303, "maxDepth": 20.243463603985706, "minChildWeight": 0.826652146717024, "numberEstimators": 338.24278016116926, "regAlpha": 0.2894963045023787, "regLambda": 163.998082411546, "scalePosWeight": 326.2701014391499, "subsample": 0.28518405584344253}, "datetime": {"datetime": "2022-11-26 16:50:51", "elapsed": 16005.486611, "delta": 2480.229031}}
{"target": 0.4376456225323322, "params": {"colsampleBylevel": 0.016991897639976637, "colsampleBytree": 0.7512680416804629, "gamma": 0.42690744714903356, "learningRate": 0.9264454081222032, "maxDeltaStep": 6.042898236163579, "maxDepth": 24.23238770955301, "minChildWeight": 7.403154678696606, "numberEstimators": 277.72302797380166, "regAlpha": 0.2676177231008576, "regLambda": 389.27128078621377, "scalePosWeight": 1810.4817580820516, "subsample": 0.7335337449760067}, "datetime": {"datetime": "2022-11-26 17:11:11", "elapsed": 17226.147973, "delta": 1220.661362}}
{"target": 0.2866856617212471, "params": {"colsampleBylevel": 0.9161847315366067, "colsampleBytree": 0.7844694440853984, "gamma": 0.014837945540699293, "learningRate": 0.028288591373202804, "maxDeltaStep": 5.264057575895025, "maxDepth": 45.14497235536915, "minChildWeight": 8.03385243998106, "numberEstimators": 296.14034381184246, "regAlpha": 0.764140950775199, "regLambda": 271.1541703103337, "scalePosWeight": 516.710541202172, "subsample": 0.5478607223022953}, "datetime": {"datetime": "2022-11-26 19:05:44", "elapsed": 24098.43414, "delta": 6872.286167}}
{"target": 0.15429376845164408, "params": {"colsampleBylevel": 0.4443432085420099, "colsampleBytree": 0.7685364464016727, "gamma": 0.036929880497646915, "learningRate": 0.7566445895601902, "maxDeltaStep": 19.172603525143355, "maxDepth": 27.07871544833595, "minChildWeight": 2.715058984679338, "numberEstimators": 283.4657540958714, "regAlpha": 0.38329210154146626, "regLambda": 387.4942764946219, "scalePosWeight": 1818.9320523132765, "subsample": 0.19843569816199585}, "datetime": {"datetime": "2022-11-26 19:55:52", "elapsed": 27106.890423, "delta": 3008.456283}}
{"target": 0.1531685784090559, "params": {"colsampleBylevel": 0.17988919560066283, "colsampleBytree": 0.3298986939693121, "gamma": 0.1355009349562293, "learningRate": 0.8347916768674231, "maxDeltaStep": 9.037111430200024, "maxDepth": 29.50827897754187, "minChildWeight": 2.7438267845002793, "numberEstimators": 227.94991979966866, "regAlpha": 0.10437493191329178, "regLambda": 441.5460572985276, "scalePosWeight": 393.4137174915039, "subsample": 0.3531177771463009}, "datetime": {"datetime": "2022-11-26 20:28:25", "elapsed": 29060.245781, "delta": 1953.355358}}
{"target": 0.21733495831545246, "params": {"colsampleBylevel": 0.614602676667335, "colsampleBytree": 0.24712570228306105, "gamma": 0.3964581894443106, "learningRate": 0.1658467872523395, "maxDeltaStep": 9.03449092367861, "maxDepth": 25.93291293537162, "minChildWeight": 4.94513077543275, "numberEstimators": 288.2420087264213, "regAlpha": 0.7853317738642855, "regLambda": 900.9069545061186, "scalePosWeight": 1953.8796952478824, "subsample": 0.1802128698082769}, "datetime": {"datetime": "2022-11-26 21:15:24", "elapsed": 31878.696625, "delta": 2818.450844}}
{"target": 0.15720911060103654, "params": {"colsampleBylevel": 0.5331940734689309, "colsampleBytree": 0.6166211566461953, "gamma": 0.050607563379776226, "learningRate": 0.8654672278058818, "maxDeltaStep": 10.306955976669943, "maxDepth": 13.609519099507336, "minChildWeight": 4.762112776357325, "numberEstimators": 238.9177137869915, "regAlpha": 0.4951690196717647, "regLambda": 878.6268092488367, "scalePosWeight": 720.2215218370604, "subsample": 0.7587646872885371}, "datetime": {"datetime": "2022-11-26 21:53:28", "elapsed": 34163.310668, "delta": 2284.614043}}
{"target": 0.16670213403758677, "params": {"colsampleBylevel": 0.4135128636313129, "colsampleBytree": 0.6338090521326524, "gamma": 0.3788015964677369, "learningRate": 0.6291576236007679, "maxDeltaStep": 2.5231395332868645, "maxDepth": 26.73502540577449, "minChildWeight": 2.264540718933572, "numberEstimators": 115.00213985365673, "regAlpha": 0.14677277128139407, "regLambda": 782.301028983188, "scalePosWeight": 925.8884238261842, "subsample": 0.31594201308363257}, "datetime": {"datetime": "2022-11-26 22:16:19", "elapsed": 35533.485009, "delta": 1370.174341}}
{"target": 0.15613326676280964, "params": {"colsampleBylevel": 0.6070261231446107, "colsampleBytree": 0.20225370793370379, "gamma": 0.026309298020661738, "learningRate": 0.9515164472478902, "maxDeltaStep": 17.140019505211622, "maxDepth": 48.06696240130809, "minChildWeight": 2.505034192865674, "numberEstimators": 189.01126396128998, "regAlpha": 0.4261952469850465, "regLambda": 923.6811438306022, "scalePosWeight": 783.5074312251521, "subsample": 0.5225211560716556}, "datetime": {"datetime": "2022-11-26 22:50:58", "elapsed": 37612.935918, "delta": 2079.450909}}
{"target": 0.15988861914955801, "params": {"colsampleBylevel": 0.052971983646805956, "colsampleBytree": 0.5689719812313316, "gamma": 0.2711414129610942, "learningRate": 0.21581933083198387, "maxDeltaStep": 15.749500509843388, "maxDepth": 18.53178406098261, "minChildWeight": 8.36854908910255, "numberEstimators": 311.5985262394305, "regAlpha": 0.8955912277820437, "regLambda": 101.72019849943581, "scalePosWeight": 596.4095271799849, "subsample": 0.7324273100963683}, "datetime": {"datetime": "2022-11-26 23:22:48", "elapsed": 39522.674717, "delta": 1909.738799}}
{"target": 0.15386974030481132, "params": {"colsampleBylevel": 0.11902185316091077, "colsampleBytree": 0.35338017780498787, "gamma": 0.1909121955358025, "learningRate": 0.9704501962168781, "maxDeltaStep": 14.319295074548002, "maxDepth": 30.446000907550967, "minChildWeight": 3.381370122059736, "numberEstimators": 381.63526362319806, "regAlpha": 0.9019887870468464, "regLambda": 956.56454127375, "scalePosWeight": 663.0001579428204, "subsample": 0.6218775512682083}, "datetime": {"datetime": "2022-11-27 00:07:54", "elapsed": 42229.411865, "delta": 2706.737148}}
{"target": 0.15358677802781245, "params": {"colsampleBylevel": 0.9255404522879337, "colsampleBytree": 0.42472462215077506, "gamma": 0.19119592990378176, "learningRate": 0.8245080259865614, "maxDeltaStep": 19.003596307529207, "maxDepth": 47.71563207483476, "minChildWeight": 8.787808809224941, "numberEstimators": 289.25964963817023, "regAlpha": 0.18257251539256794, "regLambda": 506.6146895157153, "scalePosWeight": 65.68970657928375, "subsample": 0.3968267153591399}, "datetime": {"datetime": "2022-11-27 00:57:36", "elapsed": 45211.30806, "delta": 2981.896195}}
{"target": 0.15364236941228485, "params": {"colsampleBylevel": 0.966046880381877, "colsampleBytree": 0.5090599812901528, "gamma": 0.3125855085737634, "learningRate": 0.20743154613970227, "maxDeltaStep": 2.5320243179000124, "maxDepth": 12.699216648241986, "minChildWeight": 4.374123222470214, "numberEstimators": 178.51930523737818, "regAlpha": 0.9959011307429914, "regLambda": 551.1902571266587, "scalePosWeight": 20.07256473982971, "subsample": 0.9535226756760022}, "datetime": {"datetime": "2022-11-27 01:26:44", "elapsed": 46959.149064, "delta": 1747.841004}}
{"target": 0.16335514023450576, "params": {"colsampleBylevel": 0.9382816043670729, "colsampleBytree": 0.8441944269018407, "gamma": 0.20754534440077627, "learningRate": 0.13268360687270794, "maxDeltaStep": 15.32294346941554, "maxDepth": 15.95893749802496, "minChildWeight": 9.525431486090985, "numberEstimators": 246.00559827048147, "regAlpha": 0.9346671467749782, "regLambda": 721.8165583087183, "scalePosWeight": 1618.019727352091, "subsample": 0.7000009226677063}, "datetime": {"datetime": "2022-11-27 02:24:26", "elapsed": 50420.566951, "delta": 3461.417887}}
{"target": 0.15311381628695714, "params": {"colsampleBylevel": 0.42638998736279077, "colsampleBytree": 0.8978750479328947, "gamma": 0.31152782463915524, "learningRate": 0.3085247839268427, "maxDeltaStep": 12.827507149345259, "maxDepth": 22.219221320908485, "minChildWeight": 9.832517446540445, "numberEstimators": 131.57093555795683, "regAlpha": 0.4206499325564107, "regLambda": 135.45283947825848, "scalePosWeight": 1921.3426782339204, "subsample": 0.7343499602086928}, "datetime": {"datetime": "2022-11-27 02:51:42", "elapsed": 52057.255764, "delta": 1636.688813}}
{"target": 0.15447474427024258, "params": {"colsampleBylevel": 0.3071702426371495, "colsampleBytree": 0.5805952163502313, "gamma": 0.21490566424906749, "learningRate": 0.8836920139841559, "maxDeltaStep": 14.640375256168257, "maxDepth": 19.518072819475265, "minChildWeight": 1.2281606751655272, "numberEstimators": 110.08413531161023, "regAlpha": 0.3048895941759065, "regLambda": 97.14533315608433, "scalePosWeight": 835.1179649512239, "subsample": 0.40444511106674974}, "datetime": {"datetime": "2022-11-27 03:10:33", "elapsed": 53187.515636, "delta": 1130.259872}}
{"target": 0.33416943620939205, "params": {"colsampleBylevel": 0.24964430926983794, "colsampleBytree": 0.021687316503821434, "gamma": 0.4419009120091456, "learningRate": 0.31655528671275546, "maxDeltaStep": 4.426621511547985, "maxDepth": 18.456099865551405, "minChildWeight": 1.363045826324668, "numberEstimators": 265.7648604849753, "regAlpha": 0.6865524979516576, "regLambda": 478.20034099686194, "scalePosWeight": 1620.794262199088, "subsample": 0.893189989679455}, "datetime": {"datetime": "2022-11-27 03:36:11", "elapsed": 54725.724335, "delta": 1538.208699}}
{"target": 0.16920188087710858, "params": {"colsampleBylevel": 0.04553302916788902, "colsampleBytree": 0.8607084492147099, "gamma": 0.09339030155496199, "learningRate": 0.9343362722982779, "maxDeltaStep": 10.851432532325555, "maxDepth": 8.513360218068279, "minChildWeight": 5.480112685445581, "numberEstimators": 331.5123312643351, "regAlpha": 0.8918274156637284, "regLambda": 761.2839321383468, "scalePosWeight": 324.7828763452535, "subsample": 0.8532953870254647}, "datetime": {"datetime": "2022-11-27 04:07:52", "elapsed": 56626.572687, "delta": 1900.848352}}
{"target": 0.15432560456339156, "params": {"colsampleBylevel": 0.9474810510117776, "colsampleBytree": 0.8241613827262748, "gamma": 0.11759161740266771, "learningRate": 0.7471782646021929, "maxDeltaStep": 3.9936856148446, "maxDepth": 41.9169262152293, "minChildWeight": 4.030250234343634, "numberEstimators": 56.61447741711043, "regAlpha": 0.6000644003476558, "regLambda": 326.5714985763169, "scalePosWeight": 688.072468765325, "subsample": 0.8013869586988248}, "datetime": {"datetime": "2022-11-27 04:29:56", "elapsed": 57951.027076, "delta": 1324.454389}}
{"target": 0.3392982217997643, "params": {"colsampleBylevel": 0.6755921030410015, "colsampleBytree": 0.4075962819439519, "gamma": 0.35851012505272745, "learningRate": 0.19017057085514855, "maxDeltaStep": 5.169135173367307, "maxDepth": 12.365653422731578, "minChildWeight": 1.116715432114327, "numberEstimators": 56.92611477371557, "regAlpha": 0.6404266141525207, "regLambda": 577.1497958571039, "scalePosWeight": 533.1076085289941, "subsample": 0.9233299965855302}, "datetime": {"datetime": "2022-11-27 04:38:55", "elapsed": 58490.316699, "delta": 539.289623}}
{"target": 0.16260976158756502, "params": {"colsampleBylevel": 0.051159486332166264, "colsampleBytree": 0.9610890258630194, "gamma": 0.21131156350780966, "learningRate": 0.8664559086194836, "maxDeltaStep": 12.735480626002662, "maxDepth": 35.2766187177605, "minChildWeight": 6.470348916195821, "numberEstimators": 390.56218638335775, "regAlpha": 0.46351722750776175, "regLambda": 934.0615682733139, "scalePosWeight": 1804.2488388241825, "subsample": 0.3146634176375067}, "datetime": {"datetime": "2022-11-27 05:26:24", "elapsed": 61339.360764, "delta": 2849.044065}}
{"target": 0.15307516204544097, "params": {"colsampleBylevel": 0.7494855925107278, "colsampleBytree": 0.6747336093733917, "gamma": 0.11650344278362643, "learningRate": 0.385180110027671, "maxDeltaStep": 2.666162017318563, "maxDepth": 31.00237929078533, "minChildWeight": 0.06782431701659597, "numberEstimators": 344.36091373082326, "regAlpha": 0.4644394913239441, "regLambda": 742.5648487667904, "scalePosWeight": 1494.001759397101, "subsample": 0.6239351900198561}, "datetime": {"datetime": "2022-11-27 07:03:09", "elapsed": 67143.456996, "delta": 5804.096232}}
{"target": 0.702652124054899, "params": {"colsampleBylevel": 0.20206999753115615, "colsampleBytree": 0.037501128165723825, "gamma": 0.2586277251148274, "learningRate": 0.048877834822559175, "maxDeltaStep": 0.2938293299026551, "maxDepth": 38.993918020191636, "minChildWeight": 7.605807922588976, "numberEstimators": 83.97319391030257, "regAlpha": 0.6804922844794352, "regLambda": 217.49779397412217, "scalePosWeight": 1103.6947171256757, "subsample": 0.2595887574444475}, "datetime": {"datetime": "2022-11-27 07:09:09", "elapsed": 67504.242887, "delta": 360.785891}}
{"target": 0.3484358441469034, "params": {"colsampleBylevel": 0.9886926230645925, "colsampleBytree": 0.012284685020317265, "gamma": 0.2984045206618516, "learningRate": 0.6350677736771055, "maxDeltaStep": 9.987170228098211, "maxDepth": 44.11542445556933, "minChildWeight": 1.9986108300382688, "numberEstimators": 194.73006672869536, "regAlpha": 0.2663774391971263, "regLambda": 493.9286169819991, "scalePosWeight": 1410.28063112562, "subsample": 0.28361196453386855}, "datetime": {"datetime": "2022-11-27 07:28:34", "elapsed": 68668.977703, "delta": 1164.734816}}
{"target": 0.15622805591513628, "params": {"colsampleBylevel": 0.8294520178019045, "colsampleBytree": 0.9507792162347649, "gamma": 0.3018762333436388, "learningRate": 0.17410011795457703, "maxDeltaStep": 3.0068833996590705, "maxDepth": 35.43467594994675, "minChildWeight": 4.363048785677787, "numberEstimators": 147.98136174344523, "regAlpha": 0.6112773350874781, "regLambda": 485.39574450150235, "scalePosWeight": 827.541317108617, "subsample": 0.8725509845325833}, "datetime": {"datetime": "2022-11-27 08:26:57", "elapsed": 72172.205331, "delta": 3503.227628}}
{"target": 0.17404983006891678, "params": {"colsampleBylevel": 0.496489841864844, "colsampleBytree": 0.27166319463377103, "gamma": 0.19917785326046156, "learningRate": 0.8061595183459622, "maxDeltaStep": 5.223803153568827, "maxDepth": 11.943120746022048, "minChildWeight": 6.993300108797506, "numberEstimators": 175.55270111379687, "regAlpha": 0.6671912367054296, "regLambda": 870.531556648065, "scalePosWeight": 675.3349730936665, "subsample": 0.16577012689204554}, "datetime": {"datetime": "2022-11-27 08:46:27", "elapsed": 73341.940691, "delta": 1169.73536}}
{"target": 0.16788616441607704, "params": {"colsampleBylevel": 0.8105316854691689, "colsampleBytree": 0.1814120544813397, "gamma": 0.2305884672560763, "learningRate": 0.7939178919508295, "maxDeltaStep": 4.861874903995076, "maxDepth": 8.161492505666128, "minChildWeight": 5.584753552506103, "numberEstimators": 238.72964781394597, "regAlpha": 0.13106992099647302, "regLambda": 503.58875010280906, "scalePosWeight": 1064.1952156663338, "subsample": 0.4923504660712141}, "datetime": {"datetime": "2022-11-27 09:12:38", "elapsed": 74913.084976, "delta": 1571.144285}}
{"target": 0.668372942944033, "params": {"colsampleBylevel": 0.7838998410952349, "colsampleBytree": 0.07632041196419312, "gamma": 0.26766314761269183, "learningRate": 0.8413538321579702, "maxDeltaStep": 7.862580071442398, "maxDepth": 2.485906348864707, "minChildWeight": 9.254574570765712, "numberEstimators": 211.39395731312823, "regAlpha": 0.5919497224511565, "regLambda": 815.6800644410747, "scalePosWeight": 980.453553813637, "subsample": 0.7841401022371163}, "datetime": {"datetime": "2022-11-27 09:27:51", "elapsed": 75826.380889, "delta": 913.295913}}
{"target": 0.16064769174437654, "params": {"colsampleBylevel": 0.10614702850453972, "colsampleBytree": 0.5034048150764227, "gamma": 0.13109192151317417, "learningRate": 0.08572610984326554, "maxDeltaStep": 12.540728693335117, "maxDepth": 20.448585891854275, "minChildWeight": 4.758847793056267, "numberEstimators": 164.0302584748166, "regAlpha": 0.7233757193770163, "regLambda": 79.30412509700345, "scalePosWeight": 1726.509952874563, "subsample": 0.8064817665809487}, "datetime": {"datetime": "2022-11-27 09:56:09", "elapsed": 77523.780111, "delta": 1697.399222}}
{"target": 0.17733785869754992, "params": {"colsampleBylevel": 0.2693918876018796, "colsampleBytree": 0.3332305087019338, "gamma": 0.4155386285407169, "learningRate": 0.3623013043470605, "maxDeltaStep": 3.99597536482869, "maxDepth": 15.43320102786141, "minChildWeight": 2.9834630119921823, "numberEstimators": 159.70023070548936, "regAlpha": 0.8657671255913353, "regLambda": 568.2422785503105, "scalePosWeight": 1159.9335918967865, "subsample": 0.23653747025646307}, "datetime": {"datetime": "2022-11-27 10:17:16", "elapsed": 78791.396196, "delta": 1267.616085}}
{"target": 0.15410276189517175, "params": {"colsampleBylevel": 0.7206576471193975, "colsampleBytree": 0.06685113074717426, "gamma": 0.2035451769336085, "learningRate": 0.4059655943343333, "maxDeltaStep": 10.998931846176742, "maxDepth": 43.518638942866254, "minChildWeight": 9.78186601121121, "numberEstimators": 268.9028824111426, "regAlpha": 0.10663082054398068, "regLambda": 986.5678788236023, "scalePosWeight": 1227.4186955903585, "subsample": 0.9478645357218822}, "datetime": {"datetime": "2022-11-27 10:54:27", "elapsed": 81022.030887, "delta": 2230.634691}}
